"D:\Program Files\Java\jdk-11.0.14\bin\java.exe" "-javaagent:D:\Program Files\JetBrains\IntelliJ IDEA 2021.1\lib\idea_rt.jar=63641:D:\Program Files\JetBrains\IntelliJ IDEA 2021.1\bin" -Dfile.encoding=UTF-8 -classpath E:\idea_workspace\akka\learn_akka_new\akka-sample-sharding-java\killrweather-fog\target\classes;E:\maven_repository\com\typesafe\akka\akka-actor-typed_2.13\2.6.19\akka-actor-typed_2.13-2.6.19.jar;E:\maven_repository\org\scala-lang\scala-library\2.13.8\scala-library-2.13.8.jar;E:\maven_repository\com\typesafe\akka\akka-actor_2.13\2.6.19\akka-actor_2.13-2.6.19.jar;E:\maven_repository\com\typesafe\config\1.4.2\config-1.4.2.jar;E:\maven_repository\org\scala-lang\modules\scala-java8-compat_2.13\1.0.0\scala-java8-compat_2.13-1.0.0.jar;E:\maven_repository\com\typesafe\akka\akka-slf4j_2.13\2.6.19\akka-slf4j_2.13-2.6.19.jar;E:\maven_repository\org\slf4j\slf4j-api\1.7.36\slf4j-api-1.7.36.jar;E:\maven_repository\com\typesafe\akka\akka-stream-typed_2.13\2.6.19\akka-stream-typed_2.13-2.6.19.jar;E:\maven_repository\com\typesafe\akka\akka-stream_2.13\2.6.19\akka-stream_2.13-2.6.19.jar;E:\maven_repository\com\typesafe\akka\akka-protobuf-v3_2.13\2.6.19\akka-protobuf-v3_2.13-2.6.19.jar;E:\maven_repository\org\reactivestreams\reactive-streams\1.0.3\reactive-streams-1.0.3.jar;E:\maven_repository\com\typesafe\ssl-config-core_2.13\0.4.3\ssl-config-core_2.13-0.4.3.jar;E:\maven_repository\org\scala-lang\modules\scala-parser-combinators_2.13\1.1.2\scala-parser-combinators_2.13-1.1.2.jar;E:\maven_repository\com\typesafe\akka\akka-serialization-jackson_2.13\2.6.19\akka-serialization-jackson_2.13-2.6.19.jar;E:\maven_repository\com\fasterxml\jackson\core\jackson-core\2.11.4\jackson-core-2.11.4.jar;E:\maven_repository\com\fasterxml\jackson\core\jackson-annotations\2.11.4\jackson-annotations-2.11.4.jar;E:\maven_repository\com\fasterxml\jackson\core\jackson-databind\2.11.4\jackson-databind-2.11.4.jar;E:\maven_repository\com\fasterxml\jackson\datatype\jackson-datatype-jdk8\2.11.4\jackson-datatype-jdk8-2.11.4.jar;E:\maven_repository\com\fasterxml\jackson\datatype\jackson-datatype-jsr310\2.11.4\jackson-datatype-jsr310-2.11.4.jar;E:\maven_repository\com\fasterxml\jackson\module\jackson-module-parameter-names\2.11.4\jackson-module-parameter-names-2.11.4.jar;E:\maven_repository\com\fasterxml\jackson\dataformat\jackson-dataformat-cbor\2.11.4\jackson-dataformat-cbor-2.11.4.jar;E:\maven_repository\com\fasterxml\jackson\module\jackson-module-scala_2.13\2.11.4\jackson-module-scala_2.13-2.11.4.jar;E:\maven_repository\com\fasterxml\jackson\module\jackson-module-paranamer\2.11.4\jackson-module-paranamer-2.11.4.jar;E:\maven_repository\com\thoughtworks\paranamer\paranamer\2.8\paranamer-2.8.jar;E:\maven_repository\org\lz4\lz4-java\1.8.0\lz4-java-1.8.0.jar;E:\maven_repository\com\typesafe\akka\akka-http_2.13\10.1.11\akka-http_2.13-10.1.11.jar;E:\maven_repository\com\typesafe\akka\akka-http-core_2.13\10.1.11\akka-http-core_2.13-10.1.11.jar;E:\maven_repository\com\typesafe\akka\akka-parsing_2.13\10.1.11\akka-parsing_2.13-10.1.11.jar;E:\maven_repository\com\typesafe\akka\akka-http-jackson_2.13\10.1.11\akka-http-jackson_2.13-10.1.11.jar;E:\maven_repository\ch\qos\logback\logback-classic\1.2.9\logback-classic-1.2.9.jar;E:\maven_repository\ch\qos\logback\logback-core\1.2.9\logback-core-1.2.9.jar sample.killrweather.fog.Fog
SLF4J: A number (4) of logging calls during the initialization phase have been intercepted and are
SLF4J: now being replayed. These are subject to the filtering rules of the underlying logging system.
SLF4J: See also http://www.slf4j.org/codes.html#replay
[2022-07-12 13:51:38,149] [INFO] [akka.event.slf4j.Slf4jLogger] [Fog-akka.actor.default-dispatcher-3] [] - Slf4jLogger started
[2022-07-12 13:51:43,420] [INFO] [akka.actor.ActorCell] [Fog-akka.actor.default-dispatcher-8] [akka://Fog/user/weather-station-6] - Successfully registered data: DataRecorded{wsid='6'} from event time: 1657605101545
[2022-07-12 13:51:43,420] [INFO] [akka.actor.ActorCell] [Fog-akka.actor.default-dispatcher-10] [akka://Fog/user/weather-station-4] - Successfully registered data: DataRecorded{wsid='4'} from event time: 1657605101545
[2022-07-12 13:51:43,420] [INFO] [akka.actor.ActorCell] [Fog-akka.actor.default-dispatcher-6] [akka://Fog/user/weather-station-14] - Successfully registered data: DataRecorded{wsid='14'} from event time: 1657605101545
[2022-07-12 13:51:43,420] [INFO] [akka.actor.ActorCell] [Fog-akka.actor.default-dispatcher-17] [akka://Fog/user/weather-station-8] - Successfully registered data: DataRecorded{wsid='8'} from event time: 1657605101545
[2022-07-12 13:51:43,420] [INFO] [akka.actor.ActorCell] [Fog-akka.actor.default-dispatcher-14] [akka://Fog/user/weather-station-12] - Successfully registered data: DataRecorded{wsid='12'} from event time: 1657605101545
[2022-07-12 13:51:43,420] [INFO] [akka.actor.ActorCell] [Fog-akka.actor.default-dispatcher-11] [akka://Fog/user/weather-station-10] - Successfully registered data: DataRecorded{wsid='10'} from event time: 1657605101545
[2022-07-12 13:51:43,420] [INFO] [akka.actor.ActorCell] [Fog-akka.actor.default-dispatcher-12] [akka://Fog/user/weather-station-2] - Successfully registered data: DataRecorded{wsid='2'} from event time: 1657605101545
[2022-07-12 13:51:43,427] [INFO] [akka.actor.ActorCell] [Fog-akka.actor.default-dispatcher-12] [akka://Fog/user/weather-station-16] - Successfully registered data: DataRecorded{wsid='16'} from event time: 1657605101545
[2022-07-12 13:51:43,430] [INFO] [akka.actor.ActorCell] [Fog-akka.actor.default-dispatcher-9] [akka://Fog/user/weather-station-34] - Successfully registered data: DataRecorded{wsid='34'} from event time: 1657605102648
[2022-07-12 13:51:43,438] [INFO] [akka.actor.ActorCell] [Fog-akka.actor.default-dispatcher-12] [akka://Fog/user/weather-station-22] - Successfully registered data: DataRecorded{wsid='22'} from event time: 1657605102648
[2022-07-12 13:51:43,440] [INFO] [akka.actor.ActorCell] [Fog-akka.actor.default-dispatcher-12] [akka://Fog/user/weather-station-32] - Successfully registered data: DataRecorded{wsid='32'} from event time: 1657605102648
[2022-07-12 13:51:43,447] [INFO] [akka.actor.ActorCell] [Fog-akka.actor.default-dispatcher-11] [akka://Fog/user/weather-station-5] - Successfully registered data: DataRecorded{wsid='5'} from event time: 1657605101545
[2022-07-12 13:51:43,449] [INFO] [akka.actor.ActorCell] [Fog-akka.actor.default-dispatcher-11] [akka://Fog/user/weather-station-26] - Successfully registered data: DataRecorded{wsid='26'} from event time: 1657605102648
[2022-07-12 13:51:43,452] [INFO] [akka.actor.ActorCell] [Fog-akka.actor.default-dispatcher-11] [akka://Fog/user/weather-station-7] - Successfully registered data: DataRecorded{wsid='7'} from event time: 1657605101545
[2022-07-12 13:51:43,453] [INFO] [akka.actor.ActorCell] [Fog-akka.actor.default-dispatcher-11] [akka://Fog/user/weather-station-24] - Successfully registered data: DataRecorded{wsid='24'} from event time: 1657605102648
[2022-07-12 13:51:43,456] [INFO] [akka.actor.ActorCell] [Fog-akka.actor.default-dispatcher-12] [akka://Fog/user/weather-station-15] - Successfully registered data: DataRecorded{wsid='15'} from event time: 1657605101545
[2022-07-12 13:51:43,459] [INFO] [akka.actor.ActorCell] [Fog-akka.actor.default-dispatcher-11] [akka://Fog/user/weather-station-3] - Successfully registered data: DataRecorded{wsid='3'} from event time: 1657605101545
[2022-07-12 13:51:43,461] [INFO] [akka.actor.ActorCell] [Fog-akka.actor.default-dispatcher-9] [akka://Fog/user/weather-station-36] - Successfully registered data: DataRecorded{wsid='36'} from event time: 1657605102648
[2022-07-12 13:51:43,474] [INFO] [akka.actor.ActorCell] [Fog-akka.actor.default-dispatcher-9] [akka://Fog/user/weather-station-18] - Successfully registered data: DataRecorded{wsid='18'} from event time: 1657605102648
[2022-07-12 13:51:43,481] [INFO] [akka.actor.ActorCell] [Fog-akka.actor.default-dispatcher-9] [akka://Fog/user/weather-station-38] - Successfully registered data: DataRecorded{wsid='38'} from event time: 1657605102649
[2022-07-12 13:51:43,484] [INFO] [akka.actor.ActorCell] [Fog-akka.actor.default-dispatcher-9] [akka://Fog/user/weather-station-28] - Successfully registered data: DataRecorded{wsid='28'} from event time: 1657605102648
[2022-07-12 13:51:43,493] [INFO] [akka.actor.ActorCell] [Fog-akka.actor.default-dispatcher-9] [akka://Fog/user/weather-station-11] - Successfully registered data: DataRecorded{wsid='11'} from event time: 1657605101545
[2022-07-12 13:51:43,497] [INFO] [akka.actor.ActorCell] [Fog-akka.actor.default-dispatcher-12] [akka://Fog/user/weather-station-48] - Successfully registered data: DataRecorded{wsid='48'} from event time: 1657605102649
[2022-07-12 13:51:43,502] [INFO] [akka.actor.ActorCell] [Fog-akka.actor.default-dispatcher-12] [akka://Fog/user/weather-station-50] - Successfully registered data: DataRecorded{wsid='50'} from event time: 1657605102649
[2022-07-12 13:51:43,513] [INFO] [akka.actor.ActorCell] [Fog-akka.actor.default-dispatcher-12] [akka://Fog/user/weather-station-30] - Successfully registered data: DataRecorded{wsid='30'} from event time: 1657605102649
[2022-07-12 13:51:43,517] [INFO] [akka.actor.ActorCell] [Fog-akka.actor.default-dispatcher-12] [akka://Fog/user/weather-station-40] - Successfully registered data: DataRecorded{wsid='40'} from event time: 1657605102649
[2022-07-12 13:51:43,526] [INFO] [akka.actor.ActorCell] [Fog-akka.actor.default-dispatcher-12] [akka://Fog/user/weather-station-33] - Successfully registered data: DataRecorded{wsid='33'} from event time: 1657605102648
[2022-07-12 13:51:43,533] [INFO] [akka.actor.ActorCell] [Fog-akka.actor.default-dispatcher-12] [akka://Fog/user/weather-station-44] - Successfully registered data: DataRecorded{wsid='44'} from event time: 1657605102650
[2022-07-12 13:51:43,541] [INFO] [akka.actor.ActorCell] [Fog-akka.actor.default-dispatcher-12] [akka://Fog/user/weather-station-42] - Successfully registered data: DataRecorded{wsid='42'} from event time: 1657605102650
[2022-07-12 13:51:43,544] [INFO] [akka.actor.ActorCell] [Fog-akka.actor.default-dispatcher-12] [akka://Fog/user/weather-station-20] - Successfully registered data: DataRecorded{wsid='20'} from event time: 1657605102649
[2022-07-12 13:51:43,549] [INFO] [akka.actor.ActorCell] [Fog-akka.actor.default-dispatcher-9] [akka://Fog/user/weather-station-17] - Successfully registered data: DataRecorded{wsid='17'} from event time: 1657605102648
[2022-07-12 13:51:43,554] [INFO] [akka.actor.ActorCell] [Fog-akka.actor.default-dispatcher-12] [akka://Fog/user/weather-station-46] - Successfully registered data: DataRecorded{wsid='46'} from event time: 1657605102650
[2022-07-12 13:51:43,562] [INFO] [akka.actor.ActorCell] [Fog-akka.actor.default-dispatcher-9] [akka://Fog/user/weather-station-13] - Successfully registered data: DataRecorded{wsid='13'} from event time: 1657605101545
[2022-07-12 13:51:43,571] [INFO] [akka.actor.ActorCell] [Fog-akka.actor.default-dispatcher-9] [akka://Fog/user/weather-station-19] - Successfully registered data: DataRecorded{wsid='19'} from event time: 1657605102648
[2022-07-12 13:51:43,573] [INFO] [akka.actor.ActorCell] [Fog-akka.actor.default-dispatcher-9] [akka://Fog/user/weather-station-9] - Successfully registered data: DataRecorded{wsid='9'} from event time: 1657605101544
[2022-07-12 13:51:43,582] [INFO] [akka.actor.ActorCell] [Fog-akka.actor.default-dispatcher-9] [akka://Fog/user/weather-station-31] - Successfully registered data: DataRecorded{wsid='31'} from event time: 1657605102648
[2022-07-12 13:51:43,585] [INFO] [akka.actor.ActorCell] [Fog-akka.actor.default-dispatcher-9] [akka://Fog/user/weather-station-1] - Successfully registered data: DataRecorded{wsid='1'} from event time: 1657605101545
[2022-07-12 13:51:43,598] [INFO] [akka.actor.ActorCell] [Fog-akka.actor.default-dispatcher-9] [akka://Fog/user/weather-station-27] - Successfully registered data: DataRecorded{wsid='27'} from event time: 1657605102648
[2022-07-12 13:51:43,601] [INFO] [akka.actor.ActorCell] [Fog-akka.actor.default-dispatcher-9] [akka://Fog/user/weather-station-21] - Successfully registered data: DataRecorded{wsid='21'} from event time: 1657605102648
[2022-07-12 13:51:43,614] [INFO] [akka.actor.ActorCell] [Fog-akka.actor.default-dispatcher-9] [akka://Fog/user/weather-station-29] - Successfully registered data: DataRecorded{wsid='29'} from event time: 1657605102648
[2022-07-12 13:51:43,618] [INFO] [akka.actor.ActorCell] [Fog-akka.actor.default-dispatcher-9] [akka://Fog/user/weather-station-23] - Successfully registered data: DataRecorded{wsid='23'} from event time: 1657605102648
[2022-07-12 13:51:43,620] [INFO] [akka.actor.ActorCell] [Fog-akka.actor.default-dispatcher-9] [akka://Fog/user/weather-station-47] - Successfully registered data: DataRecorded{wsid='47'} from event time: 1657605102649
[2022-07-12 13:51:43,632] [INFO] [akka.actor.ActorCell] [Fog-akka.actor.default-dispatcher-9] [akka://Fog/user/weather-station-35] - Successfully registered data: DataRecorded{wsid='35'} from event time: 1657605102649
[2022-07-12 13:51:43,638] [INFO] [akka.actor.ActorCell] [Fog-akka.actor.default-dispatcher-9] [akka://Fog/user/weather-station-37] - Successfully registered data: DataRecorded{wsid='37'} from event time: 1657605102649
[2022-07-12 13:51:43,640] [INFO] [akka.actor.ActorCell] [Fog-akka.actor.default-dispatcher-9] [akka://Fog/user/weather-station-49] - Successfully registered data: DataRecorded{wsid='49'} from event time: 1657605102649
[2022-07-12 13:51:43,648] [INFO] [akka.actor.ActorCell] [Fog-akka.actor.default-dispatcher-9] [akka://Fog/user/weather-station-39] - Successfully registered data: DataRecorded{wsid='39'} from event time: 1657605102649
[2022-07-12 13:51:43,650] [INFO] [akka.actor.ActorCell] [Fog-akka.actor.default-dispatcher-12] [akka://Fog/user/weather-station-25] - Successfully registered data: DataRecorded{wsid='25'} from event time: 1657605102649
[2022-07-12 13:51:43,659] [INFO] [akka.actor.ActorCell] [Fog-akka.actor.default-dispatcher-12] [akka://Fog/user/weather-station-43] - Successfully registered data: DataRecorded{wsid='43'} from event time: 1657605102650
[2022-07-12 13:51:43,662] [INFO] [akka.actor.ActorCell] [Fog-akka.actor.default-dispatcher-12] [akka://Fog/user/weather-station-41] - Successfully registered data: DataRecorded{wsid='41'} from event time: 1657605102649
[2022-07-12 13:51:43,668] [INFO] [akka.actor.ActorCell] [Fog-akka.actor.default-dispatcher-12] [akka://Fog/user/weather-station-45] - Successfully registered data: DataRecorded{wsid='45'} from event time: 1657605102649
[2022-07-12 13:51:46,441] [INFO] [akka.actor.ActorCell] [Fog-akka.actor.default-dispatcher-9] [akka://Fog/user/weather-station-12] - Successfully registered data: DataRecorded{wsid='12'} from event time: 1657605106433
[2022-07-12 13:51:46,442] [INFO] [akka.actor.ActorCell] [Fog-akka.actor.default-dispatcher-9] [akka://Fog/user/weather-station-4] - Successfully registered data: DataRecorded{wsid='4'} from event time: 1657605106433
[2022-07-12 13:51:46,442] [INFO] [akka.actor.ActorCell] [Fog-akka.actor.default-dispatcher-17] [akka://Fog/user/weather-station-8] - Successfully registered data: DataRecorded{wsid='8'} from event time: 1657605106433
[2022-07-12 13:51:46,443] [INFO] [akka.actor.ActorCell] [Fog-akka.actor.default-dispatcher-9] [akka://Fog/user/weather-station-14] - Successfully registered data: DataRecorded{wsid='14'} from event time: 1657605106433
[2022-07-12 13:51:46,449] [INFO] [akka.actor.ActorCell] [Fog-akka.actor.default-dispatcher-13] [akka://Fog/user/weather-station-6] - Successfully registered data: DataRecorded{wsid='6'} from event time: 1657605106433
[2022-07-12 13:51:46,454] [INFO] [akka.actor.ActorCell] [Fog-akka.actor.default-dispatcher-13] [akka://Fog/user/weather-station-10] - Successfully registered data: DataRecorded{wsid='10'} from event time: 1657605106446
[2022-07-12 13:51:46,454] [INFO] [akka.actor.ActorCell] [Fog-akka.actor.default-dispatcher-13] [akka://Fog/user/weather-station-34] - Successfully registered data: DataRecorded{wsid='34'} from event time: 1657605106446
[2022-07-12 13:51:46,455] [INFO] [akka.actor.ActorCell] [Fog-akka.actor.default-dispatcher-17] [akka://Fog/user/weather-station-2] - Successfully registered data: DataRecorded{wsid='2'} from event time: 1657605106446
[2022-07-12 13:51:46,456] [INFO] [akka.actor.ActorCell] [Fog-akka.actor.default-dispatcher-17] [akka://Fog/user/weather-station-16] - Successfully registered data: DataRecorded{wsid='16'} from event time: 1657605106446
[2022-07-12 13:51:46,469] [INFO] [akka.actor.ActorCell] [Fog-akka.actor.default-dispatcher-10] [akka://Fog/user/weather-station-5] - Successfully registered data: DataRecorded{wsid='5'} from event time: 1657605106462
[2022-07-12 13:51:46,470] [INFO] [akka.actor.ActorCell] [Fog-akka.actor.default-dispatcher-9] [akka://Fog/user/weather-station-32] - Successfully registered data: DataRecorded{wsid='32'} from event time: 1657605106462
[2022-07-12 13:51:46,472] [INFO] [akka.actor.ActorCell] [Fog-akka.actor.default-dispatcher-10] [akka://Fog/user/weather-station-22] - Successfully registered data: DataRecorded{wsid='22'} from event time: 1657605106462
[2022-07-12 13:51:46,472] [INFO] [akka.actor.ActorCell] [Fog-akka.actor.default-dispatcher-9] [akka://Fog/user/weather-station-7] - Successfully registered data: DataRecorded{wsid='7'} from event time: 1657605106463
[2022-07-12 13:51:46,474] [INFO] [akka.actor.ActorCell] [Fog-akka.actor.default-dispatcher-10] [akka://Fog/user/weather-station-26] - Successfully registered data: DataRecorded{wsid='26'} from event time: 1657605106462
[2022-07-12 13:51:46,486] [INFO] [akka.actor.ActorCell] [Fog-akka.actor.default-dispatcher-10] [akka://Fog/user/weather-station-15] - Successfully registered data: DataRecorded{wsid='15'} from event time: 1657605106478
[2022-07-12 13:51:46,486] [INFO] [akka.actor.ActorCell] [Fog-akka.actor.default-dispatcher-7] [akka://Fog/user/weather-station-24] - Successfully registered data: DataRecorded{wsid='24'} from event time: 1657605106478
[2022-07-12 13:51:46,486] [INFO] [akka.actor.ActorCell] [Fog-akka.actor.default-dispatcher-7] [akka://Fog/user/weather-station-3] - Successfully registered data: DataRecorded{wsid='3'} from event time: 1657605106478
[2022-07-12 13:51:46,489] [INFO] [akka.actor.ActorCell] [Fog-akka.actor.default-dispatcher-7] [akka://Fog/user/weather-station-36] - Successfully registered data: DataRecorded{wsid='36'} from event time: 1657605106478
[2022-07-12 13:51:46,514] [INFO] [akka.actor.ActorCell] [Fog-akka.actor.default-dispatcher-13] [akka://Fog/user/weather-station-11] - Successfully registered data: DataRecorded{wsid='11'} from event time: 1657605106509
[2022-07-12 13:51:46,517] [INFO] [akka.actor.ActorCell] [Fog-akka.actor.default-dispatcher-17] [akka://Fog/user/weather-station-18] - Successfully registered data: DataRecorded{wsid='18'} from event time: 1657605106509
[2022-07-12 13:51:46,517] [INFO] [akka.actor.ActorCell] [Fog-akka.actor.default-dispatcher-17] [akka://Fog/user/weather-station-28] - Successfully registered data: DataRecorded{wsid='28'} from event time: 1657605106509
[2022-07-12 13:51:46,519] [INFO] [akka.actor.ActorCell] [Fog-akka.actor.default-dispatcher-13] [akka://Fog/user/weather-station-38] - Successfully registered data: DataRecorded{wsid='38'} from event time: 1657605106509
[2022-07-12 13:51:46,520] [INFO] [akka.actor.ActorCell] [Fog-akka.actor.default-dispatcher-13] [akka://Fog/user/weather-station-48] - Successfully registered data: DataRecorded{wsid='48'} from event time: 1657605106509
[2022-07-12 13:51:46,529] [INFO] [akka.actor.ActorCell] [Fog-akka.actor.default-dispatcher-13] [akka://Fog/user/weather-station-50] - Successfully registered data: DataRecorded{wsid='50'} from event time: 1657605106525
[2022-07-12 13:51:46,546] [INFO] [akka.actor.ActorCell] [Fog-akka.actor.default-dispatcher-9] [akka://Fog/user/weather-station-33] - Successfully registered data: DataRecorded{wsid='33'} from event time: 1657605106541
[2022-07-12 13:51:46,547] [INFO] [akka.actor.ActorCell] [Fog-akka.actor.default-dispatcher-9] [akka://Fog/user/weather-station-40] - Successfully registered data: DataRecorded{wsid='40'} from event time: 1657605106541
[2022-07-12 13:51:46,549] [INFO] [akka.actor.ActorCell] [Fog-akka.actor.default-dispatcher-9] [akka://Fog/user/weather-station-30] - Successfully registered data: DataRecorded{wsid='30'} from event time: 1657605106541
[2022-07-12 13:51:46,561] [INFO] [akka.actor.ActorCell] [Fog-akka.actor.default-dispatcher-9] [akka://Fog/user/weather-station-44] - Successfully registered data: DataRecorded{wsid='44'} from event time: 1657605106556
[2022-07-12 13:51:46,563] [INFO] [akka.actor.ActorCell] [Fog-akka.actor.default-dispatcher-9] [akka://Fog/user/weather-station-42] - Successfully registered data: DataRecorded{wsid='42'} from event time: 1657605106556
[2022-07-12 13:51:46,578] [INFO] [akka.actor.ActorCell] [Fog-akka.actor.default-dispatcher-6] [akka://Fog/user/weather-station-13] - Successfully registered data: DataRecorded{wsid='13'} from event time: 1657605106572
[2022-07-12 13:51:46,578] [INFO] [akka.actor.ActorCell] [Fog-akka.actor.default-dispatcher-7] [akka://Fog/user/weather-station-20] - Successfully registered data: DataRecorded{wsid='20'} from event time: 1657605106572
[2022-07-12 13:51:46,578] [INFO] [akka.actor.ActorCell] [Fog-akka.actor.default-dispatcher-6] [akka://Fog/user/weather-station-17] - Successfully registered data: DataRecorded{wsid='17'} from event time: 1657605106572
[2022-07-12 13:51:46,578] [INFO] [akka.actor.ActorCell] [Fog-akka.actor.default-dispatcher-9] [akka://Fog/user/weather-station-46] - Successfully registered data: DataRecorded{wsid='46'} from event time: 1657605106572
[2022-07-12 13:51:46,593] [INFO] [akka.actor.ActorCell] [Fog-akka.actor.default-dispatcher-7] [akka://Fog/user/weather-station-9] - Successfully registered data: DataRecorded{wsid='9'} from event time: 1657605106587
[2022-07-12 13:51:46,595] [INFO] [akka.actor.ActorCell] [Fog-akka.actor.default-dispatcher-7] [akka://Fog/user/weather-station-19] - Successfully registered data: DataRecorded{wsid='19'} from event time: 1657605106587
[2022-07-12 13:51:46,609] [INFO] [akka.actor.ActorCell] [Fog-akka.actor.default-dispatcher-17] [akka://Fog/user/weather-station-1] - Successfully registered data: DataRecorded{wsid='1'} from event time: 1657605106603
[2022-07-12 13:51:46,611] [INFO] [akka.actor.ActorCell] [Fog-akka.actor.default-dispatcher-17] [akka://Fog/user/weather-station-31] - Successfully registered data: DataRecorded{wsid='31'} from event time: 1657605106603
[2022-07-12 13:51:46,624] [INFO] [akka.actor.ActorCell] [Fog-akka.actor.default-dispatcher-6] [akka://Fog/user/weather-station-21] - Successfully registered data: DataRecorded{wsid='21'} from event time: 1657605106619
[2022-07-12 13:51:46,627] [INFO] [akka.actor.ActorCell] [Fog-akka.actor.default-dispatcher-6] [akka://Fog/user/weather-station-27] - Successfully registered data: DataRecorded{wsid='27'} from event time: 1657605106619
[2022-07-12 13:51:46,641] [INFO] [akka.actor.ActorCell] [Fog-akka.actor.default-dispatcher-17] [akka://Fog/user/weather-station-23] - Successfully registered data: DataRecorded{wsid='23'} from event time: 1657605106635
[2022-07-12 13:51:46,644] [INFO] [akka.actor.ActorCell] [Fog-akka.actor.default-dispatcher-7] [akka://Fog/user/weather-station-29] - Successfully registered data: DataRecorded{wsid='29'} from event time: 1657605106635
[2022-07-12 13:51:46,645] [INFO] [akka.actor.ActorCell] [Fog-akka.actor.default-dispatcher-17] [akka://Fog/user/weather-station-47] - Successfully registered data: DataRecorded{wsid='47'} from event time: 1657605106635
[2022-07-12 13:51:46,658] [INFO] [akka.actor.ActorCell] [Fog-akka.actor.default-dispatcher-7] [akka://Fog/user/weather-station-37] - Successfully registered data: DataRecorded{wsid='37'} from event time: 1657605106651
[2022-07-12 13:51:46,661] [INFO] [akka.actor.ActorCell] [Fog-akka.actor.default-dispatcher-9] [akka://Fog/user/weather-station-35] - Successfully registered data: DataRecorded{wsid='35'} from event time: 1657605106651
[2022-07-12 13:51:46,661] [INFO] [akka.actor.ActorCell] [Fog-akka.actor.default-dispatcher-7] [akka://Fog/user/weather-station-49] - Successfully registered data: DataRecorded{wsid='49'} from event time: 1657605106651
[2022-07-12 13:51:46,676] [INFO] [akka.actor.ActorCell] [Fog-akka.actor.default-dispatcher-9] [akka://Fog/user/weather-station-25] - Successfully registered data: DataRecorded{wsid='25'} from event time: 1657605106667
[2022-07-12 13:51:46,678] [INFO] [akka.actor.ActorCell] [Fog-akka.actor.default-dispatcher-9] [akka://Fog/user/weather-station-39] - Successfully registered data: DataRecorded{wsid='39'} from event time: 1657605106667
[2022-07-12 13:51:46,689] [INFO] [akka.actor.ActorCell] [Fog-akka.actor.default-dispatcher-17] [akka://Fog/user/weather-station-41] - Successfully registered data: DataRecorded{wsid='41'} from event time: 1657605106683
[2022-07-12 13:51:46,691] [INFO] [akka.actor.ActorCell] [Fog-akka.actor.default-dispatcher-13] [akka://Fog/user/weather-station-45] - Successfully registered data: DataRecorded{wsid='45'} from event time: 1657605106683
[2022-07-12 13:51:46,691] [INFO] [akka.actor.ActorCell] [Fog-akka.actor.default-dispatcher-13] [akka://Fog/user/weather-station-43] - Successfully registered data: DataRecorded{wsid='43'} from event time: 1657605106683
[2022-07-12 13:51:49,463] [INFO] [akka.actor.ActorCell] [Fog-akka.actor.default-dispatcher-6] [akka://Fog/user/weather-station-12] - Successfully registered data: DataRecorded{wsid='12'} from event time: 1657605109456
[2022-07-12 13:51:49,463] [INFO] [akka.actor.ActorCell] [Fog-akka.actor.default-dispatcher-6] [akka://Fog/user/weather-station-8] - Successfully registered data: DataRecorded{wsid='8'} from event time: 1657605109456
[2022-07-12 13:51:49,464] [INFO] [akka.actor.ActorCell] [Fog-akka.actor.default-dispatcher-7] [akka://Fog/user/weather-station-4] - Successfully registered data: DataRecorded{wsid='4'} from event time: 1657605109456
[2022-07-12 13:51:49,465] [INFO] [akka.actor.ActorCell] [Fog-akka.actor.default-dispatcher-7] [akka://Fog/user/weather-station-14] - Successfully registered data: DataRecorded{wsid='14'} from event time: 1657605109456
[2022-07-12 13:51:49,477] [INFO] [akka.actor.ActorCell] [Fog-akka.actor.default-dispatcher-6] [akka://Fog/user/weather-station-34] - Successfully registered data: DataRecorded{wsid='34'} from event time: 1657605109471
[2022-07-12 13:51:49,478] [INFO] [akka.actor.ActorCell] [Fog-akka.actor.default-dispatcher-5] [akka://Fog/user/weather-station-10] - Successfully registered data: DataRecorded{wsid='10'} from event time: 1657605109471
[2022-07-12 13:51:49,480] [INFO] [akka.actor.ActorCell] [Fog-akka.actor.default-dispatcher-6] [akka://Fog/user/weather-station-6] - Successfully registered data: DataRecorded{wsid='6'} from event time: 1657605109471
[2022-07-12 13:51:49,480] [INFO] [akka.actor.ActorCell] [Fog-akka.actor.default-dispatcher-5] [akka://Fog/user/weather-station-16] - Successfully registered data: DataRecorded{wsid='16'} from event time: 1657605109471
[2022-07-12 13:51:49,481] [INFO] [akka.actor.ActorCell] [Fog-akka.actor.default-dispatcher-5] [akka://Fog/user/weather-station-2] - Successfully registered data: DataRecorded{wsid='2'} from event time: 1657605109471
[2022-07-12 13:51:49,494] [INFO] [akka.actor.ActorCell] [Fog-akka.actor.default-dispatcher-6] [akka://Fog/user/weather-station-5] - Successfully registered data: DataRecorded{wsid='5'} from event time: 1657605109487
[2022-07-12 13:51:49,494] [INFO] [akka.actor.ActorCell] [Fog-akka.actor.default-dispatcher-6] [akka://Fog/user/weather-station-32] - Successfully registered data: DataRecorded{wsid='32'} from event time: 1657605109487
[2022-07-12 13:51:49,496] [INFO] [akka.actor.ActorCell] [Fog-akka.actor.default-dispatcher-6] [akka://Fog/user/weather-station-7] - Successfully registered data: DataRecorded{wsid='7'} from event time: 1657605109487
[2022-07-12 13:51:49,497] [INFO] [akka.actor.ActorCell] [Fog-akka.actor.default-dispatcher-13] [akka://Fog/user/weather-station-26] - Successfully registered data: DataRecorded{wsid='26'} from event time: 1657605109487
[2022-07-12 13:51:49,497] [INFO] [akka.actor.ActorCell] [Fog-akka.actor.default-dispatcher-6] [akka://Fog/user/weather-station-22] - Successfully registered data: DataRecorded{wsid='22'} from event time: 1657605109487
[2022-07-12 13:51:49,509] [INFO] [akka.actor.ActorCell] [Fog-akka.actor.default-dispatcher-6] [akka://Fog/user/weather-station-15] - Successfully registered data: DataRecorded{wsid='15'} from event time: 1657605109503
[2022-07-12 13:51:49,509] [INFO] [akka.actor.ActorCell] [Fog-akka.actor.default-dispatcher-10] [akka://Fog/user/weather-station-24] - Successfully registered data: DataRecorded{wsid='24'} from event time: 1657605109503
[2022-07-12 13:51:49,509] [INFO] [akka.actor.ActorCell] [Fog-akka.actor.default-dispatcher-10] [akka://Fog/user/weather-station-3] - Successfully registered data: DataRecorded{wsid='3'} from event time: 1657605109503
[2022-07-12 13:51:49,511] [INFO] [akka.actor.ActorCell] [Fog-akka.actor.default-dispatcher-10] [akka://Fog/user/weather-station-36] - Successfully registered data: DataRecorded{wsid='36'} from event time: 1657605109503
[2022-07-12 13:51:49,541] [INFO] [akka.actor.ActorCell] [Fog-akka.actor.default-dispatcher-7] [akka://Fog/user/weather-station-11] - Successfully registered data: DataRecorded{wsid='11'} from event time: 1657605109535
[2022-07-12 13:51:49,542] [INFO] [akka.actor.ActorCell] [Fog-akka.actor.default-dispatcher-6] [akka://Fog/user/weather-station-18] - Successfully registered data: DataRecorded{wsid='18'} from event time: 1657605109535
[2022-07-12 13:51:49,543] [INFO] [akka.actor.ActorCell] [Fog-akka.actor.default-dispatcher-7] [akka://Fog/user/weather-station-28] - Successfully registered data: DataRecorded{wsid='28'} from event time: 1657605109535
[2022-07-12 13:51:49,545] [INFO] [akka.actor.ActorCell] [Fog-akka.actor.default-dispatcher-6] [akka://Fog/user/weather-station-38] - Successfully registered data: DataRecorded{wsid='38'} from event time: 1657605109535
[2022-07-12 13:51:49,545] [INFO] [akka.actor.ActorCell] [Fog-akka.actor.default-dispatcher-6] [akka://Fog/user/weather-station-48] - Successfully registered data: DataRecorded{wsid='48'} from event time: 1657605109535
[2022-07-12 13:51:49,555] [INFO] [akka.actor.ActorCell] [Fog-akka.actor.default-dispatcher-6] [akka://Fog/user/weather-station-50] - Successfully registered data: DataRecorded{wsid='50'} from event time: 1657605109550
[2022-07-12 13:51:49,572] [INFO] [akka.actor.ActorCell] [Fog-akka.actor.default-dispatcher-7] [akka://Fog/user/weather-station-33] - Successfully registered data: DataRecorded{wsid='33'} from event time: 1657605109567
[2022-07-12 13:51:49,572] [INFO] [akka.actor.ActorCell] [Fog-akka.actor.default-dispatcher-10] [akka://Fog/user/weather-station-40] - Successfully registered data: DataRecorded{wsid='40'} from event time: 1657605109565
[2022-07-12 13:51:49,574] [INFO] [akka.actor.ActorCell] [Fog-akka.actor.default-dispatcher-10] [akka://Fog/user/weather-station-30] - Successfully registered data: DataRecorded{wsid='30'} from event time: 1657605109567
[2022-07-12 13:51:49,590] [INFO] [akka.actor.ActorCell] [Fog-akka.actor.default-dispatcher-10] [akka://Fog/user/weather-station-44] - Successfully registered data: DataRecorded{wsid='44'} from event time: 1657605109582
[2022-07-12 13:51:49,592] [INFO] [akka.actor.ActorCell] [Fog-akka.actor.default-dispatcher-10] [akka://Fog/user/weather-station-42] - Successfully registered data: DataRecorded{wsid='42'} from event time: 1657605109582
[2022-07-12 13:51:49,604] [INFO] [akka.actor.ActorCell] [Fog-akka.actor.default-dispatcher-7] [akka://Fog/user/weather-station-20] - Successfully registered data: DataRecorded{wsid='20'} from event time: 1657605109597
[2022-07-12 13:51:49,604] [INFO] [akka.actor.ActorCell] [Fog-akka.actor.default-dispatcher-17] [akka://Fog/user/weather-station-46] - Successfully registered data: DataRecorded{wsid='46'} from event time: 1657605109597
[2022-07-12 13:51:49,604] [INFO] [akka.actor.ActorCell] [Fog-akka.actor.default-dispatcher-5] [akka://Fog/user/weather-station-17] - Successfully registered data: DataRecorded{wsid='17'} from event time: 1657605109597
[2022-07-12 13:51:49,604] [INFO] [akka.actor.ActorCell] [Fog-akka.actor.default-dispatcher-10] [akka://Fog/user/weather-station-13] - Successfully registered data: DataRecorded{wsid='13'} from event time: 1657605109597
[2022-07-12 13:51:49,619] [INFO] [akka.actor.ActorCell] [Fog-akka.actor.default-dispatcher-17] [akka://Fog/user/weather-station-9] - Successfully registered data: DataRecorded{wsid='9'} from event time: 1657605109613
[2022-07-12 13:51:49,621] [INFO] [akka.actor.ActorCell] [Fog-akka.actor.default-dispatcher-17] [akka://Fog/user/weather-station-19] - Successfully registered data: DataRecorded{wsid='19'} from event time: 1657605109613
[2022-07-12 13:51:49,633] [INFO] [akka.actor.ActorCell] [Fog-akka.actor.default-dispatcher-17] [akka://Fog/user/weather-station-1] - Successfully registered data: DataRecorded{wsid='1'} from event time: 1657605109628
[2022-07-12 13:51:49,635] [INFO] [akka.actor.ActorCell] [Fog-akka.actor.default-dispatcher-17] [akka://Fog/user/weather-station-31] - Successfully registered data: DataRecorded{wsid='31'} from event time: 1657605109628
[2022-07-12 13:51:49,648] [INFO] [akka.actor.ActorCell] [Fog-akka.actor.default-dispatcher-5] [akka://Fog/user/weather-station-21] - Successfully registered data: DataRecorded{wsid='21'} from event time: 1657605109643
[2022-07-12 13:51:49,650] [INFO] [akka.actor.ActorCell] [Fog-akka.actor.default-dispatcher-5] [akka://Fog/user/weather-station-27] - Successfully registered data: DataRecorded{wsid='27'} from event time: 1657605109643
[2022-07-12 13:51:49,666] [INFO] [akka.actor.ActorCell] [Fog-akka.actor.default-dispatcher-10] [akka://Fog/user/weather-station-23] - Successfully registered data: DataRecorded{wsid='23'} from event time: 1657605109659
[2022-07-12 13:51:49,668] [INFO] [akka.actor.ActorCell] [Fog-akka.actor.default-dispatcher-7] [akka://Fog/user/weather-station-47] - Successfully registered data: DataRecorded{wsid='47'} from event time: 1657605109659
[2022-07-12 13:51:49,668] [INFO] [akka.actor.ActorCell] [Fog-akka.actor.default-dispatcher-10] [akka://Fog/user/weather-station-29] - Successfully registered data: DataRecorded{wsid='29'} from event time: 1657605109659
[2022-07-12 13:51:49,681] [INFO] [akka.actor.ActorCell] [Fog-akka.actor.default-dispatcher-10] [akka://Fog/user/weather-station-37] - Successfully registered data: DataRecorded{wsid='37'} from event time: 1657605109675
[2022-07-12 13:51:49,683] [INFO] [akka.actor.ActorCell] [Fog-akka.actor.default-dispatcher-5] [akka://Fog/user/weather-station-35] - Successfully registered data: DataRecorded{wsid='35'} from event time: 1657605109675
[2022-07-12 13:51:49,683] [INFO] [akka.actor.ActorCell] [Fog-akka.actor.default-dispatcher-10] [akka://Fog/user/weather-station-49] - Successfully registered data: DataRecorded{wsid='49'} from event time: 1657605109675
[2022-07-12 13:51:49,698] [INFO] [akka.actor.ActorCell] [Fog-akka.actor.default-dispatcher-10] [akka://Fog/user/weather-station-25] - Successfully registered data: DataRecorded{wsid='25'} from event time: 1657605109690
[2022-07-12 13:51:49,700] [INFO] [akka.actor.ActorCell] [Fog-akka.actor.default-dispatcher-10] [akka://Fog/user/weather-station-39] - Successfully registered data: DataRecorded{wsid='39'} from event time: 1657605109690
[2022-07-12 13:51:49,712] [INFO] [akka.actor.ActorCell] [Fog-akka.actor.default-dispatcher-10] [akka://Fog/user/weather-station-41] - Successfully registered data: DataRecorded{wsid='41'} from event time: 1657605109707
[2022-07-12 13:51:49,714] [INFO] [akka.actor.ActorCell] [Fog-akka.actor.default-dispatcher-5] [akka://Fog/user/weather-station-45] - Successfully registered data: DataRecorded{wsid='45'} from event time: 1657605109707
[2022-07-12 13:51:49,714] [INFO] [akka.actor.ActorCell] [Fog-akka.actor.default-dispatcher-10] [akka://Fog/user/weather-station-43] - Successfully registered data: DataRecorded{wsid='43'} from event time: 1657605109707
[2022-07-12 13:51:52,481] [INFO] [akka.actor.ActorCell] [Fog-akka.actor.default-dispatcher-10] [akka://Fog/user/weather-station-8] - Successfully registered data: DataRecorded{wsid='8'} from event time: 1657605112473
[2022-07-12 13:51:52,482] [INFO] [akka.actor.ActorCell] [Fog-akka.actor.default-dispatcher-10] [akka://Fog/user/weather-station-12] - Successfully registered data: DataRecorded{wsid='12'} from event time: 1657605112473
[2022-07-12 13:51:52,483] [INFO] [akka.actor.ActorCell] [Fog-akka.actor.default-dispatcher-17] [akka://Fog/user/weather-station-4] - Successfully registered data: DataRecorded{wsid='4'} from event time: 1657605112473
[2022-07-12 13:51:52,486] [INFO] [akka.actor.ActorCell] [Fog-akka.actor.default-dispatcher-17] [akka://Fog/user/weather-station-14] - Successfully registered data: DataRecorded{wsid='14'} from event time: 1657605112473
[2022-07-12 13:51:52,507] [INFO] [akka.actor.ActorCell] [Fog-akka.actor.default-dispatcher-17] [akka://Fog/user/weather-station-34] - Successfully registered data: DataRecorded{wsid='34'} from event time: 1657605112500
[2022-07-12 13:51:52,509] [INFO] [akka.actor.ActorCell] [Fog-akka.actor.default-dispatcher-10] [akka://Fog/user/weather-station-2] - Successfully registered data: DataRecorded{wsid='2'} from event time: 1657605112500
[2022-07-12 13:51:52,512] [INFO] [akka.actor.ActorCell] [Fog-akka.actor.default-dispatcher-10] [akka://Fog/user/weather-station-16] - Successfully registered data: DataRecorded{wsid='16'} from event time: 1657605112500
[2022-07-12 13:51:52,512] [INFO] [akka.actor.ActorCell] [Fog-akka.actor.default-dispatcher-17] [akka://Fog/user/weather-station-6] - Successfully registered data: DataRecorded{wsid='6'} from event time: 1657605112500
[2022-07-12 13:51:52,514] [INFO] [akka.actor.ActorCell] [Fog-akka.actor.default-dispatcher-17] [akka://Fog/user/weather-station-10] - Successfully registered data: DataRecorded{wsid='10'} from event time: 1657605112500
[2022-07-12 13:51:52,524] [INFO] [akka.actor.ActorCell] [Fog-akka.actor.default-dispatcher-17] [akka://Fog/user/weather-station-5] - Successfully registered data: DataRecorded{wsid='5'} from event time: 1657605112515
[2022-07-12 13:51:52,524] [INFO] [akka.actor.ActorCell] [Fog-akka.actor.default-dispatcher-8] [akka://Fog/user/weather-station-32] - Successfully registered data: DataRecorded{wsid='32'} from event time: 1657605112515
[2022-07-12 13:51:52,527] [INFO] [akka.actor.ActorCell] [Fog-akka.actor.default-dispatcher-8] [akka://Fog/user/weather-station-7] - Successfully registered data: DataRecorded{wsid='7'} from event time: 1657605112515
[2022-07-12 13:51:52,527] [INFO] [akka.actor.ActorCell] [Fog-akka.actor.default-dispatcher-8] [akka://Fog/user/weather-station-26] - Successfully registered data: DataRecorded{wsid='26'} from event time: 1657605112515
[2022-07-12 13:51:52,528] [INFO] [akka.actor.ActorCell] [Fog-akka.actor.default-dispatcher-17] [akka://Fog/user/weather-station-22] - Successfully registered data: DataRecorded{wsid='22'} from event time: 1657605112515
[2022-07-12 13:51:52,537] [INFO] [akka.actor.ActorCell] [Fog-akka.actor.default-dispatcher-13] [akka://Fog/user/weather-station-15] - Successfully registered data: DataRecorded{wsid='15'} from event time: 1657605112531
[2022-07-12 13:51:52,537] [INFO] [akka.actor.ActorCell] [Fog-akka.actor.default-dispatcher-3] [akka://Fog/user/weather-station-24] - Successfully registered data: DataRecorded{wsid='24'} from event time: 1657605112531
[2022-07-12 13:51:52,537] [INFO] [akka.actor.ActorCell] [Fog-akka.actor.default-dispatcher-7] [akka://Fog/user/weather-station-3] - Successfully registered data: DataRecorded{wsid='3'} from event time: 1657605112531
[2022-07-12 13:51:52,541] [INFO] [akka.actor.ActorCell] [Fog-akka.actor.default-dispatcher-7] [akka://Fog/user/weather-station-36] - Successfully registered data: DataRecorded{wsid='36'} from event time: 1657605112531
[2022-07-12 13:51:52,572] [INFO] [akka.actor.ActorCell] [Fog-akka.actor.default-dispatcher-13] [akka://Fog/user/weather-station-11] - Successfully registered data: DataRecorded{wsid='11'} from event time: 1657605112563
[2022-07-12 13:51:52,576] [INFO] [akka.actor.ActorCell] [Fog-akka.actor.default-dispatcher-7] [akka://Fog/user/weather-station-18] - Successfully registered data: DataRecorded{wsid='18'} from event time: 1657605112563
[2022-07-12 13:51:52,576] [INFO] [akka.actor.ActorCell] [Fog-akka.actor.default-dispatcher-13] [akka://Fog/user/weather-station-28] - Successfully registered data: DataRecorded{wsid='28'} from event time: 1657605112563
[2022-07-12 13:51:52,578] [INFO] [akka.actor.ActorCell] [Fog-akka.actor.default-dispatcher-13] [akka://Fog/user/weather-station-38] - Successfully registered data: DataRecorded{wsid='38'} from event time: 1657605112563
[2022-07-12 13:51:52,578] [INFO] [akka.actor.ActorCell] [Fog-akka.actor.default-dispatcher-7] [akka://Fog/user/weather-station-48] - Successfully registered data: DataRecorded{wsid='48'} from event time: 1657605112563
[2022-07-12 13:51:52,584] [INFO] [akka.actor.ActorCell] [Fog-akka.actor.default-dispatcher-17] [akka://Fog/user/weather-station-50] - Successfully registered data: DataRecorded{wsid='50'} from event time: 1657605112579
[2022-07-12 13:51:52,589] [INFO] [akka.actor.ActorCell] [Fog-akka.actor.default-dispatcher-10] [akka://Fog/user/weather-station-33] - Successfully registered data: DataRecorded{wsid='33'} from event time: 1657605112583
[2022-07-12 13:51:52,589] [INFO] [akka.actor.ActorCell] [Fog-akka.actor.default-dispatcher-10] [akka://Fog/user/weather-station-40] - Successfully registered data: DataRecorded{wsid='40'} from event time: 1657605112583
[2022-07-12 13:51:52,594] [INFO] [akka.actor.ActorCell] [Fog-akka.actor.default-dispatcher-10] [akka://Fog/user/weather-station-30] - Successfully registered data: DataRecorded{wsid='30'} from event time: 1657605112583
[2022-07-12 13:51:52,616] [INFO] [akka.actor.ActorCell] [Fog-akka.actor.default-dispatcher-13] [akka://Fog/user/weather-station-44] - Successfully registered data: DataRecorded{wsid='44'} from event time: 1657605112610
[2022-07-12 13:51:52,620] [INFO] [akka.actor.ActorCell] [Fog-akka.actor.default-dispatcher-13] [akka://Fog/user/weather-station-42] - Successfully registered data: DataRecorded{wsid='42'} from event time: 1657605112610
[2022-07-12 13:51:52,631] [INFO] [akka.actor.ActorCell] [Fog-akka.actor.default-dispatcher-3] [akka://Fog/user/weather-station-13] - Successfully registered data: DataRecorded{wsid='13'} from event time: 1657605112625
[2022-07-12 13:51:52,631] [INFO] [akka.actor.ActorCell] [Fog-akka.actor.default-dispatcher-17] [akka://Fog/user/weather-station-20] - Successfully registered data: DataRecorded{wsid='20'} from event time: 1657605112625
[2022-07-12 13:51:52,631] [INFO] [akka.actor.ActorCell] [Fog-akka.actor.default-dispatcher-13] [akka://Fog/user/weather-station-46] - Successfully registered data: DataRecorded{wsid='46'} from event time: 1657605112625
[2022-07-12 13:51:52,631] [INFO] [akka.actor.ActorCell] [Fog-akka.actor.default-dispatcher-10] [akka://Fog/user/weather-station-17] - Successfully registered data: DataRecorded{wsid='17'} from event time: 1657605112625
[2022-07-12 13:51:52,649] [INFO] [akka.actor.ActorCell] [Fog-akka.actor.default-dispatcher-3] [akka://Fog/user/weather-station-9] - Successfully registered data: DataRecorded{wsid='9'} from event time: 1657605112641
[2022-07-12 13:51:52,651] [INFO] [akka.actor.ActorCell] [Fog-akka.actor.default-dispatcher-3] [akka://Fog/user/weather-station-19] - Successfully registered data: DataRecorded{wsid='19'} from event time: 1657605112641
[2022-07-12 13:51:52,663] [INFO] [akka.actor.ActorCell] [Fog-akka.actor.default-dispatcher-3] [akka://Fog/user/weather-station-1] - Successfully registered data: DataRecorded{wsid='1'} from event time: 1657605112657
[2022-07-12 13:51:52,667] [INFO] [akka.actor.ActorCell] [Fog-akka.actor.default-dispatcher-3] [akka://Fog/user/weather-station-31] - Successfully registered data: DataRecorded{wsid='31'} from event time: 1657605112657
[2022-07-12 13:51:52,679] [INFO] [akka.actor.ActorCell] [Fog-akka.actor.default-dispatcher-17] [akka://Fog/user/weather-station-21] - Successfully registered data: DataRecorded{wsid='21'} from event time: 1657605112673
[2022-07-12 13:51:52,681] [INFO] [akka.actor.ActorCell] [Fog-akka.actor.default-dispatcher-17] [akka://Fog/user/weather-station-27] - Successfully registered data: DataRecorded{wsid='27'} from event time: 1657605112673
[2022-07-12 13:51:52,696] [INFO] [akka.actor.ActorCell] [Fog-akka.actor.default-dispatcher-17] [akka://Fog/user/weather-station-23] - Successfully registered data: DataRecorded{wsid='23'} from event time: 1657605112689
[2022-07-12 13:51:52,699] [INFO] [akka.actor.ActorCell] [Fog-akka.actor.default-dispatcher-17] [akka://Fog/user/weather-station-47] - Successfully registered data: DataRecorded{wsid='47'} from event time: 1657605112689
[2022-07-12 13:51:52,701] [INFO] [akka.actor.ActorCell] [Fog-akka.actor.default-dispatcher-10] [akka://Fog/user/weather-station-29] - Successfully registered data: DataRecorded{wsid='29'} from event time: 1657605112689
[2022-07-12 13:51:52,704] [INFO] [akka.actor.ActorCell] [Fog-akka.actor.default-dispatcher-17] [akka://Fog/user/weather-station-49] - Successfully registered data: DataRecorded{wsid='49'} from event time: 1657605112693
[2022-07-12 13:51:52,705] [INFO] [akka.actor.ActorCell] [Fog-akka.actor.default-dispatcher-17] [akka://Fog/user/weather-station-35] - Successfully registered data: DataRecorded{wsid='35'} from event time: 1657605112693
[2022-07-12 13:51:52,706] [INFO] [akka.actor.ActorCell] [Fog-akka.actor.default-dispatcher-10] [akka://Fog/user/weather-station-37] - Successfully registered data: DataRecorded{wsid='37'} from event time: 1657605112693
[2022-07-12 13:51:52,730] [INFO] [akka.actor.ActorCell] [Fog-akka.actor.default-dispatcher-17] [akka://Fog/user/weather-station-25] - Successfully registered data: DataRecorded{wsid='25'} from event time: 1657605112719
[2022-07-12 13:51:52,732] [INFO] [akka.actor.ActorCell] [Fog-akka.actor.default-dispatcher-17] [akka://Fog/user/weather-station-41] - Successfully registered data: DataRecorded{wsid='41'} from event time: 1657605112723
[2022-07-12 13:51:52,733] [INFO] [akka.actor.ActorCell] [Fog-akka.actor.default-dispatcher-10] [akka://Fog/user/weather-station-39] - Successfully registered data: DataRecorded{wsid='39'} from event time: 1657605112719
[2022-07-12 13:51:52,736] [INFO] [akka.actor.ActorCell] [Fog-akka.actor.default-dispatcher-10] [akka://Fog/user/weather-station-45] - Successfully registered data: DataRecorded{wsid='45'} from event time: 1657605112723
[2022-07-12 13:51:52,739] [INFO] [akka.actor.ActorCell] [Fog-akka.actor.default-dispatcher-10] [akka://Fog/user/weather-station-43] - Successfully registered data: DataRecorded{wsid='43'} from event time: 1657605112723
[2022-07-12 13:51:55,507] [INFO] [akka.actor.ActorCell] [Fog-akka.actor.default-dispatcher-10] [akka://Fog/user/weather-station-8] - Successfully registered data: DataRecorded{wsid='8'} from event time: 1657605115502
[2022-07-12 13:51:55,508] [INFO] [akka.actor.ActorCell] [Fog-akka.actor.default-dispatcher-10] [akka://Fog/user/weather-station-12] - Successfully registered data: DataRecorded{wsid='12'} from event time: 1657605115502
[2022-07-12 13:51:55,508] [INFO] [akka.actor.ActorCell] [Fog-akka.actor.default-dispatcher-3] [akka://Fog/user/weather-station-4] - Successfully registered data: DataRecorded{wsid='4'} from event time: 1657605115502
[2022-07-12 13:51:55,510] [INFO] [akka.actor.ActorCell] [Fog-akka.actor.default-dispatcher-3] [akka://Fog/user/weather-station-14] - Successfully registered data: DataRecorded{wsid='14'} from event time: 1657605115503
[2022-07-12 13:51:55,541] [INFO] [akka.actor.ActorCell] [Fog-akka.actor.default-dispatcher-11] [akka://Fog/user/weather-station-5] - Successfully registered data: DataRecorded{wsid='5'} from event time: 1657605115533
[2022-07-12 13:51:55,541] [INFO] [akka.actor.ActorCell] [Fog-akka.actor.default-dispatcher-12] [akka://Fog/user/weather-station-32] - Successfully registered data: DataRecorded{wsid='32'} from event time: 1657605115533
[2022-07-12 13:51:55,543] [INFO] [akka.actor.ActorCell] [Fog-akka.actor.default-dispatcher-11] [akka://Fog/user/weather-station-34] - Successfully registered data: DataRecorded{wsid='34'} from event time: 1657605115533
[2022-07-12 13:51:55,544] [INFO] [akka.actor.ActorCell] [Fog-akka.actor.default-dispatcher-11] [akka://Fog/user/weather-station-7] - Successfully registered data: DataRecorded{wsid='7'} from event time: 1657605115533
[2022-07-12 13:51:55,545] [INFO] [akka.actor.ActorCell] [Fog-akka.actor.default-dispatcher-8] [akka://Fog/user/weather-station-6] - Successfully registered data: DataRecorded{wsid='6'} from event time: 1657605115533
[2022-07-12 13:51:55,546] [INFO] [akka.actor.ActorCell] [Fog-akka.actor.default-dispatcher-8] [akka://Fog/user/weather-station-22] - Successfully registered data: DataRecorded{wsid='22'} from event time: 1657605115533
[2022-07-12 13:51:55,546] [INFO] [akka.actor.ActorCell] [Fog-akka.actor.default-dispatcher-11] [akka://Fog/user/weather-station-10] - Successfully registered data: DataRecorded{wsid='10'} from event time: 1657605115533
[2022-07-12 13:51:55,549] [INFO] [akka.actor.ActorCell] [Fog-akka.actor.default-dispatcher-8] [akka://Fog/user/weather-station-2] - Successfully registered data: DataRecorded{wsid='2'} from event time: 1657605115533
[2022-07-12 13:51:55,549] [INFO] [akka.actor.ActorCell] [Fog-akka.actor.default-dispatcher-11] [akka://Fog/user/weather-station-16] - Successfully registered data: DataRecorded{wsid='16'} from event time: 1657605115533
[2022-07-12 13:51:55,551] [INFO] [akka.actor.ActorCell] [Fog-akka.actor.default-dispatcher-11] [akka://Fog/user/weather-station-26] - Successfully registered data: DataRecorded{wsid='26'} from event time: 1657605115533
[2022-07-12 13:51:55,557] [INFO] [akka.actor.ActorCell] [Fog-akka.actor.default-dispatcher-13] [akka://Fog/user/weather-station-24] - Successfully registered data: DataRecorded{wsid='24'} from event time: 1657605115552
[2022-07-12 13:51:55,557] [INFO] [akka.actor.ActorCell] [Fog-akka.actor.default-dispatcher-19] [akka://Fog/user/weather-station-15] - Successfully registered data: DataRecorded{wsid='15'} from event time: 1657605115552
[2022-07-12 13:51:55,557] [INFO] [akka.actor.ActorCell] [Fog-akka.actor.default-dispatcher-3] [akka://Fog/user/weather-station-3] - Successfully registered data: DataRecorded{wsid='3'} from event time: 1657605115552
[2022-07-12 13:51:55,559] [INFO] [akka.actor.ActorCell] [Fog-akka.actor.default-dispatcher-3] [akka://Fog/user/weather-station-36] - Successfully registered data: DataRecorded{wsid='36'} from event time: 1657605115552
[2022-07-12 13:51:55,587] [INFO] [akka.actor.ActorCell] [Fog-akka.actor.default-dispatcher-3] [akka://Fog/user/weather-station-11] - Successfully registered data: DataRecorded{wsid='11'} from event time: 1657605115583
[2022-07-12 13:51:55,589] [INFO] [akka.actor.ActorCell] [Fog-akka.actor.default-dispatcher-7] [akka://Fog/user/weather-station-28] - Successfully registered data: DataRecorded{wsid='28'} from event time: 1657605115583
[2022-07-12 13:51:55,589] [INFO] [akka.actor.ActorCell] [Fog-akka.actor.default-dispatcher-7] [akka://Fog/user/weather-station-18] - Successfully registered data: DataRecorded{wsid='18'} from event time: 1657605115583
[2022-07-12 13:51:55,591] [INFO] [akka.actor.ActorCell] [Fog-akka.actor.default-dispatcher-3] [akka://Fog/user/weather-station-48] - Successfully registered data: DataRecorded{wsid='48'} from event time: 1657605115583
[2022-07-12 13:51:55,591] [INFO] [akka.actor.ActorCell] [Fog-akka.actor.default-dispatcher-3] [akka://Fog/user/weather-station-38] - Successfully registered data: DataRecorded{wsid='38'} from event time: 1657605115583
[2022-07-12 13:51:55,619] [INFO] [akka.actor.ActorCell] [Fog-akka.actor.default-dispatcher-11] [akka://Fog/user/weather-station-33] - Successfully registered data: DataRecorded{wsid='33'} from event time: 1657605115614
[2022-07-12 13:51:55,619] [INFO] [akka.actor.ActorCell] [Fog-akka.actor.default-dispatcher-11] [akka://Fog/user/weather-station-40] - Successfully registered data: DataRecorded{wsid='40'} from event time: 1657605115614
[2022-07-12 13:51:55,619] [INFO] [akka.actor.ActorCell] [Fog-akka.actor.default-dispatcher-19] [akka://Fog/user/weather-station-50] - Successfully registered data: DataRecorded{wsid='50'} from event time: 1657605115614
[2022-07-12 13:51:55,621] [INFO] [akka.actor.ActorCell] [Fog-akka.actor.default-dispatcher-19] [akka://Fog/user/weather-station-30] - Successfully registered data: DataRecorded{wsid='30'} from event time: 1657605115614
[2022-07-12 13:51:55,637] [INFO] [akka.actor.ActorCell] [Fog-akka.actor.default-dispatcher-11] [akka://Fog/user/weather-station-44] - Successfully registered data: DataRecorded{wsid='44'} from event time: 1657605115633
[2022-07-12 13:51:55,639] [INFO] [akka.actor.ActorCell] [Fog-akka.actor.default-dispatcher-11] [akka://Fog/user/weather-station-42] - Successfully registered data: DataRecorded{wsid='42'} from event time: 1657605115633
[2022-07-12 13:51:55,652] [INFO] [akka.actor.ActorCell] [Fog-akka.actor.default-dispatcher-3] [akka://Fog/user/weather-station-46] - Successfully registered data: DataRecorded{wsid='46'} from event time: 1657605115646
[2022-07-12 13:51:55,652] [INFO] [akka.actor.ActorCell] [Fog-akka.actor.default-dispatcher-19] [akka://Fog/user/weather-station-17] - Successfully registered data: DataRecorded{wsid='17'} from event time: 1657605115646
[2022-07-12 13:51:55,652] [INFO] [akka.actor.ActorCell] [Fog-akka.actor.default-dispatcher-13] [akka://Fog/user/weather-station-13] - Successfully registered data: DataRecorded{wsid='13'} from event time: 1657605115646
[2022-07-12 13:51:55,652] [INFO] [akka.actor.ActorCell] [Fog-akka.actor.default-dispatcher-3] [akka://Fog/user/weather-station-20] - Successfully registered data: DataRecorded{wsid='20'} from event time: 1657605115646
[2022-07-12 13:51:55,667] [INFO] [akka.actor.ActorCell] [Fog-akka.actor.default-dispatcher-13] [akka://Fog/user/weather-station-9] - Successfully registered data: DataRecorded{wsid='9'} from event time: 1657605115663
[2022-07-12 13:51:55,669] [INFO] [akka.actor.ActorCell] [Fog-akka.actor.default-dispatcher-13] [akka://Fog/user/weather-station-19] - Successfully registered data: DataRecorded{wsid='19'} from event time: 1657605115663
[2022-07-12 13:51:55,682] [INFO] [akka.actor.ActorCell] [Fog-akka.actor.default-dispatcher-13] [akka://Fog/user/weather-station-1] - Successfully registered data: DataRecorded{wsid='1'} from event time: 1657605115677
[2022-07-12 13:51:55,684] [INFO] [akka.actor.ActorCell] [Fog-akka.actor.default-dispatcher-13] [akka://Fog/user/weather-station-31] - Successfully registered data: DataRecorded{wsid='31'} from event time: 1657605115677
[2022-07-12 13:51:55,698] [INFO] [akka.actor.ActorCell] [Fog-akka.actor.default-dispatcher-3] [akka://Fog/user/weather-station-21] - Successfully registered data: DataRecorded{wsid='21'} from event time: 1657605115693
[2022-07-12 13:51:55,700] [INFO] [akka.actor.ActorCell] [Fog-akka.actor.default-dispatcher-3] [akka://Fog/user/weather-station-27] - Successfully registered data: DataRecorded{wsid='27'} from event time: 1657605115693
[2022-07-12 13:51:55,717] [INFO] [akka.actor.ActorCell] [Fog-akka.actor.default-dispatcher-7] [akka://Fog/user/weather-station-23] - Successfully registered data: DataRecorded{wsid='23'} from event time: 1657605115713
[2022-07-12 13:51:55,721] [INFO] [akka.actor.ActorCell] [Fog-akka.actor.default-dispatcher-13] [akka://Fog/user/weather-station-29] - Successfully registered data: DataRecorded{wsid='29'} from event time: 1657605115713
[2022-07-12 13:51:55,722] [INFO] [akka.actor.ActorCell] [Fog-akka.actor.default-dispatcher-7] [akka://Fog/user/weather-station-47] - Successfully registered data: DataRecorded{wsid='47'} from event time: 1657605115713
[2022-07-12 13:51:55,731] [INFO] [akka.actor.ActorCell] [Fog-akka.actor.default-dispatcher-19] [akka://Fog/user/weather-station-37] - Successfully registered data: DataRecorded{wsid='37'} from event time: 1657605115724
[2022-07-12 13:51:55,734] [INFO] [akka.actor.ActorCell] [Fog-akka.actor.default-dispatcher-13] [akka://Fog/user/weather-station-49] - Successfully registered data: DataRecorded{wsid='49'} from event time: 1657605115724
[2022-07-12 13:51:55,734] [INFO] [akka.actor.ActorCell] [Fog-akka.actor.default-dispatcher-19] [akka://Fog/user/weather-station-35] - Successfully registered data: DataRecorded{wsid='35'} from event time: 1657605115724
[2022-07-12 13:51:55,751] [INFO] [akka.actor.ActorCell] [Fog-akka.actor.default-dispatcher-13] [akka://Fog/user/weather-station-25] - Successfully registered data: DataRecorded{wsid='25'} from event time: 1657605115743
[2022-07-12 13:51:55,751] [INFO] [akka.actor.ActorCell] [Fog-akka.actor.default-dispatcher-3] [akka://Fog/user/weather-station-41] - Successfully registered data: DataRecorded{wsid='41'} from event time: 1657605115743
[2022-07-12 13:51:55,754] [INFO] [akka.actor.ActorCell] [Fog-akka.actor.default-dispatcher-7] [akka://Fog/user/weather-station-39] - Successfully registered data: DataRecorded{wsid='39'} from event time: 1657605115743
[2022-07-12 13:51:55,761] [INFO] [akka.actor.ActorCell] [Fog-akka.actor.default-dispatcher-7] [akka://Fog/user/weather-station-45] - Successfully registered data: DataRecorded{wsid='45'} from event time: 1657605115754
[2022-07-12 13:51:55,762] [INFO] [akka.actor.ActorCell] [Fog-akka.actor.default-dispatcher-7] [akka://Fog/user/weather-station-43] - Successfully registered data: DataRecorded{wsid='43'} from event time: 1657605115754
[2022-07-12 13:51:58,539] [INFO] [akka.actor.ActorCell] [Fog-akka.actor.default-dispatcher-19] [akka://Fog/user/weather-station-4] - Successfully registered data: DataRecorded{wsid='4'} from event time: 1657605118532
[2022-07-12 13:51:58,540] [INFO] [akka.actor.ActorCell] [Fog-akka.actor.default-dispatcher-19] [akka://Fog/user/weather-station-8] - Successfully registered data: DataRecorded{wsid='8'} from event time: 1657605118532
[2022-07-12 13:51:58,541] [INFO] [akka.actor.ActorCell] [Fog-akka.actor.default-dispatcher-13] [akka://Fog/user/weather-station-12] - Successfully registered data: DataRecorded{wsid='12'} from event time: 1657605118532
[2022-07-12 13:51:58,542] [INFO] [akka.actor.ActorCell] [Fog-akka.actor.default-dispatcher-13] [akka://Fog/user/weather-station-14] - Successfully registered data: DataRecorded{wsid='14'} from event time: 1657605118532
[2022-07-12 13:51:58,561] [INFO] [akka.actor.ActorCell] [Fog-akka.actor.default-dispatcher-10] [akka://Fog/user/weather-station-5] - Successfully registered data: DataRecorded{wsid='5'} from event time: 1657605118553
[2022-07-12 13:51:58,563] [INFO] [akka.actor.ActorCell] [Fog-akka.actor.default-dispatcher-11] [akka://Fog/user/weather-station-10] - Successfully registered data: DataRecorded{wsid='10'} from event time: 1657605118553
[2022-07-12 13:51:58,564] [INFO] [akka.actor.ActorCell] [Fog-akka.actor.default-dispatcher-3] [akka://Fog/user/weather-station-7] - Successfully registered data: DataRecorded{wsid='7'} from event time: 1657605118553
[2022-07-12 13:51:58,565] [INFO] [akka.actor.ActorCell] [Fog-akka.actor.default-dispatcher-3] [akka://Fog/user/weather-station-34] - Successfully registered data: DataRecorded{wsid='34'} from event time: 1657605118553
[2022-07-12 13:51:58,566] [INFO] [akka.actor.ActorCell] [Fog-akka.actor.default-dispatcher-3] [akka://Fog/user/weather-station-16] - Successfully registered data: DataRecorded{wsid='16'} from event time: 1657605118553
[2022-07-12 13:51:58,568] [INFO] [akka.actor.ActorCell] [Fog-akka.actor.default-dispatcher-3] [akka://Fog/user/weather-station-6] - Successfully registered data: DataRecorded{wsid='6'} from event time: 1657605118553
[2022-07-12 13:51:58,570] [INFO] [akka.actor.ActorCell] [Fog-akka.actor.default-dispatcher-3] [akka://Fog/user/weather-station-32] - Successfully registered data: DataRecorded{wsid='32'} from event time: 1657605118553
[2022-07-12 13:51:58,573] [INFO] [akka.actor.ActorCell] [Fog-akka.actor.default-dispatcher-10] [akka://Fog/user/weather-station-2] - Successfully registered data: DataRecorded{wsid='2'} from event time: 1657605118553
[2022-07-12 13:51:58,573] [INFO] [akka.actor.ActorCell] [Fog-akka.actor.default-dispatcher-10] [akka://Fog/user/weather-station-26] - Successfully registered data: DataRecorded{wsid='26'} from event time: 1657605118553
[2022-07-12 13:51:58,575] [INFO] [akka.actor.ActorCell] [Fog-akka.actor.default-dispatcher-10] [akka://Fog/user/weather-station-22] - Successfully registered data: DataRecorded{wsid='22'} from event time: 1657605118553
[2022-07-12 13:51:58,586] [INFO] [akka.actor.ActorCell] [Fog-akka.actor.default-dispatcher-12] [akka://Fog/user/weather-station-3] - Successfully registered data: DataRecorded{wsid='3'} from event time: 1657605118579
[2022-07-12 13:51:58,586] [INFO] [akka.actor.ActorCell] [Fog-akka.actor.default-dispatcher-9] [akka://Fog/user/weather-station-15] - Successfully registered data: DataRecorded{wsid='15'} from event time: 1657605118579
[2022-07-12 13:51:58,586] [INFO] [akka.actor.ActorCell] [Fog-akka.actor.default-dispatcher-10] [akka://Fog/user/weather-station-24] - Successfully registered data: DataRecorded{wsid='24'} from event time: 1657605118579
[2022-07-12 13:51:58,588] [INFO] [akka.actor.ActorCell] [Fog-akka.actor.default-dispatcher-10] [akka://Fog/user/weather-station-36] - Successfully registered data: DataRecorded{wsid='36'} from event time: 1657605118579
[2022-07-12 13:51:58,616] [INFO] [akka.actor.ActorCell] [Fog-akka.actor.default-dispatcher-10] [akka://Fog/user/weather-station-28] - Successfully registered data: DataRecorded{wsid='28'} from event time: 1657605118609
[2022-07-12 13:51:58,616] [INFO] [akka.actor.ActorCell] [Fog-akka.actor.default-dispatcher-9] [akka://Fog/user/weather-station-11] - Successfully registered data: DataRecorded{wsid='11'} from event time: 1657605118609
[2022-07-12 13:51:58,616] [INFO] [akka.actor.ActorCell] [Fog-akka.actor.default-dispatcher-13] [akka://Fog/user/weather-station-18] - Successfully registered data: DataRecorded{wsid='18'} from event time: 1657605118609
[2022-07-12 13:51:58,619] [INFO] [akka.actor.ActorCell] [Fog-akka.actor.default-dispatcher-13] [akka://Fog/user/weather-station-48] - Successfully registered data: DataRecorded{wsid='48'} from event time: 1657605118609
[2022-07-12 13:51:58,619] [INFO] [akka.actor.ActorCell] [Fog-akka.actor.default-dispatcher-9] [akka://Fog/user/weather-station-38] - Successfully registered data: DataRecorded{wsid='38'} from event time: 1657605118609
[2022-07-12 13:51:58,645] [INFO] [akka.actor.ActorCell] [Fog-akka.actor.default-dispatcher-10] [akka://Fog/user/weather-station-40] - Successfully registered data: DataRecorded{wsid='40'} from event time: 1657605118640
[2022-07-12 13:51:58,646] [INFO] [akka.actor.ActorCell] [Fog-akka.actor.default-dispatcher-13] [akka://Fog/user/weather-station-33] - Successfully registered data: DataRecorded{wsid='33'} from event time: 1657605118640
[2022-07-12 13:51:58,646] [INFO] [akka.actor.ActorCell] [Fog-akka.actor.default-dispatcher-10] [akka://Fog/user/weather-station-50] - Successfully registered data: DataRecorded{wsid='50'} from event time: 1657605118640
[2022-07-12 13:51:58,647] [INFO] [akka.actor.ActorCell] [Fog-akka.actor.default-dispatcher-10] [akka://Fog/user/weather-station-30] - Successfully registered data: DataRecorded{wsid='30'} from event time: 1657605118640
[2022-07-12 13:51:58,660] [INFO] [akka.actor.ActorCell] [Fog-akka.actor.default-dispatcher-13] [akka://Fog/user/weather-station-44] - Successfully registered data: DataRecorded{wsid='44'} from event time: 1657605118655
[2022-07-12 13:51:58,662] [INFO] [akka.actor.ActorCell] [Fog-akka.actor.default-dispatcher-13] [akka://Fog/user/weather-station-42] - Successfully registered data: DataRecorded{wsid='42'} from event time: 1657605118655
[2022-07-12 13:51:58,676] [INFO] [akka.actor.ActorCell] [Fog-akka.actor.default-dispatcher-3] [akka://Fog/user/weather-station-17] - Successfully registered data: DataRecorded{wsid='17'} from event time: 1657605118671
[2022-07-12 13:51:58,676] [INFO] [akka.actor.ActorCell] [Fog-akka.actor.default-dispatcher-9] [akka://Fog/user/weather-station-46] - Successfully registered data: DataRecorded{wsid='46'} from event time: 1657605118671
[2022-07-12 13:51:58,676] [INFO] [akka.actor.ActorCell] [Fog-akka.actor.default-dispatcher-11] [akka://Fog/user/weather-station-13] - Successfully registered data: DataRecorded{wsid='13'} from event time: 1657605118671
[2022-07-12 13:51:58,676] [INFO] [akka.actor.ActorCell] [Fog-akka.actor.default-dispatcher-13] [akka://Fog/user/weather-station-20] - Successfully registered data: DataRecorded{wsid='20'} from event time: 1657605118671
[2022-07-12 13:51:58,691] [INFO] [akka.actor.ActorCell] [Fog-akka.actor.default-dispatcher-11] [akka://Fog/user/weather-station-9] - Successfully registered data: DataRecorded{wsid='9'} from event time: 1657605118686
[2022-07-12 13:51:58,693] [INFO] [akka.actor.ActorCell] [Fog-akka.actor.default-dispatcher-11] [akka://Fog/user/weather-station-19] - Successfully registered data: DataRecorded{wsid='19'} from event time: 1657605118686
[2022-07-12 13:51:58,707] [INFO] [akka.actor.ActorCell] [Fog-akka.actor.default-dispatcher-3] [akka://Fog/user/weather-station-1] - Successfully registered data: DataRecorded{wsid='1'} from event time: 1657605118702
[2022-07-12 13:51:58,709] [INFO] [akka.actor.ActorCell] [Fog-akka.actor.default-dispatcher-3] [akka://Fog/user/weather-station-31] - Successfully registered data: DataRecorded{wsid='31'} from event time: 1657605118702
[2022-07-12 13:51:58,723] [INFO] [akka.actor.ActorCell] [Fog-akka.actor.default-dispatcher-3] [akka://Fog/user/weather-station-21] - Successfully registered data: DataRecorded{wsid='21'} from event time: 1657605118718
[2022-07-12 13:51:58,725] [INFO] [akka.actor.ActorCell] [Fog-akka.actor.default-dispatcher-3] [akka://Fog/user/weather-station-27] - Successfully registered data: DataRecorded{wsid='27'} from event time: 1657605118718
[2022-07-12 13:51:58,738] [INFO] [akka.actor.ActorCell] [Fog-akka.actor.default-dispatcher-3] [akka://Fog/user/weather-station-23] - Successfully registered data: DataRecorded{wsid='23'} from event time: 1657605118733
[2022-07-12 13:51:58,740] [INFO] [akka.actor.ActorCell] [Fog-akka.actor.default-dispatcher-10] [akka://Fog/user/weather-station-29] - Successfully registered data: DataRecorded{wsid='29'} from event time: 1657605118733
[2022-07-12 13:51:58,740] [INFO] [akka.actor.ActorCell] [Fog-akka.actor.default-dispatcher-3] [akka://Fog/user/weather-station-47] - Successfully registered data: DataRecorded{wsid='47'} from event time: 1657605118733
[2022-07-12 13:51:58,755] [INFO] [akka.actor.ActorCell] [Fog-akka.actor.default-dispatcher-3] [akka://Fog/user/weather-station-37] - Successfully registered data: DataRecorded{wsid='37'} from event time: 1657605118749
[2022-07-12 13:51:58,759] [INFO] [akka.actor.ActorCell] [Fog-akka.actor.default-dispatcher-9] [akka://Fog/user/weather-station-35] - Successfully registered data: DataRecorded{wsid='35'} from event time: 1657605118749
[2022-07-12 13:51:58,759] [INFO] [akka.actor.ActorCell] [Fog-akka.actor.default-dispatcher-3] [akka://Fog/user/weather-station-49] - Successfully registered data: DataRecorded{wsid='49'} from event time: 1657605118749
[2022-07-12 13:51:58,772] [INFO] [akka.actor.ActorCell] [Fog-akka.actor.default-dispatcher-3] [akka://Fog/user/weather-station-41] - Successfully registered data: DataRecorded{wsid='41'} from event time: 1657605118764
[2022-07-12 13:51:58,772] [INFO] [akka.actor.ActorCell] [Fog-akka.actor.default-dispatcher-10] [akka://Fog/user/weather-station-25] - Successfully registered data: DataRecorded{wsid='25'} from event time: 1657605118764
[2022-07-12 13:51:58,789] [INFO] [akka.actor.ActorCell] [Fog-akka.actor.default-dispatcher-10] [akka://Fog/user/weather-station-45] - Successfully registered data: DataRecorded{wsid='45'} from event time: 1657605118780
[2022-07-12 13:51:58,789] [INFO] [akka.actor.ActorCell] [Fog-akka.actor.default-dispatcher-9] [akka://Fog/user/weather-station-39] - Successfully registered data: DataRecorded{wsid='39'} from event time: 1657605118780
[2022-07-12 13:51:58,789] [INFO] [akka.actor.ActorCell] [Fog-akka.actor.default-dispatcher-13] [akka://Fog/user/weather-station-43] - Successfully registered data: DataRecorded{wsid='43'} from event time: 1657605118780
[2022-07-12 13:52:01,558] [INFO] [akka.actor.ActorCell] [Fog-akka.actor.default-dispatcher-6] [akka://Fog/user/weather-station-4] - Successfully registered data: DataRecorded{wsid='4'} from event time: 1657605121553
[2022-07-12 13:52:01,558] [INFO] [akka.actor.ActorCell] [Fog-akka.actor.default-dispatcher-6] [akka://Fog/user/weather-station-8] - Successfully registered data: DataRecorded{wsid='8'} from event time: 1657605121553
[2022-07-12 13:52:01,558] [INFO] [akka.actor.ActorCell] [Fog-akka.actor.default-dispatcher-10] [akka://Fog/user/weather-station-12] - Successfully registered data: DataRecorded{wsid='12'} from event time: 1657605121553
[2022-07-12 13:52:01,560] [INFO] [akka.actor.ActorCell] [Fog-akka.actor.default-dispatcher-10] [akka://Fog/user/weather-station-14] - Successfully registered data: DataRecorded{wsid='14'} from event time: 1657605121553
[2022-07-12 13:52:01,588] [INFO] [akka.actor.ActorCell] [Fog-akka.actor.default-dispatcher-9] [akka://Fog/user/weather-station-5] - Successfully registered data: DataRecorded{wsid='5'} from event time: 1657605121582
[2022-07-12 13:52:01,588] [INFO] [akka.actor.ActorCell] [Fog-akka.actor.default-dispatcher-9] [akka://Fog/user/weather-station-2] - Successfully registered data: DataRecorded{wsid='2'} from event time: 1657605121583
[2022-07-12 13:52:01,589] [INFO] [akka.actor.ActorCell] [Fog-akka.actor.default-dispatcher-9] [akka://Fog/user/weather-station-32] - Successfully registered data: DataRecorded{wsid='32'} from event time: 1657605121583
[2022-07-12 13:52:01,591] [INFO] [akka.actor.ActorCell] [Fog-akka.actor.default-dispatcher-9] [akka://Fog/user/weather-station-7] - Successfully registered data: DataRecorded{wsid='7'} from event time: 1657605121582
[2022-07-12 13:52:01,592] [INFO] [akka.actor.ActorCell] [Fog-akka.actor.default-dispatcher-9] [akka://Fog/user/weather-station-26] - Successfully registered data: DataRecorded{wsid='26'} from event time: 1657605121583
[2022-07-12 13:52:01,593] [INFO] [akka.actor.ActorCell] [Fog-akka.actor.default-dispatcher-9] [akka://Fog/user/weather-station-6] - Successfully registered data: DataRecorded{wsid='6'} from event time: 1657605121583
[2022-07-12 13:52:01,593] [INFO] [akka.actor.ActorCell] [Fog-akka.actor.default-dispatcher-11] [akka://Fog/user/weather-station-10] - Successfully registered data: DataRecorded{wsid='10'} from event time: 1657605121582
[2022-07-12 13:52:01,594] [INFO] [akka.actor.ActorCell] [Fog-akka.actor.default-dispatcher-9] [akka://Fog/user/weather-station-34] - Successfully registered data: DataRecorded{wsid='34'} from event time: 1657605121583
[2022-07-12 13:52:01,598] [INFO] [akka.actor.ActorCell] [Fog-akka.actor.default-dispatcher-11] [akka://Fog/user/weather-station-22] - Successfully registered data: DataRecorded{wsid='22'} from event time: 1657605121583
[2022-07-12 13:52:01,598] [INFO] [akka.actor.ActorCell] [Fog-akka.actor.default-dispatcher-9] [akka://Fog/user/weather-station-16] - Successfully registered data: DataRecorded{wsid='16'} from event time: 1657605121583
[2022-07-12 13:52:01,607] [INFO] [akka.actor.ActorCell] [Fog-akka.actor.default-dispatcher-19] [akka://Fog/user/weather-station-15] - Successfully registered data: DataRecorded{wsid='15'} from event time: 1657605121602
[2022-07-12 13:52:01,607] [INFO] [akka.actor.ActorCell] [Fog-akka.actor.default-dispatcher-10] [akka://Fog/user/weather-station-24] - Successfully registered data: DataRecorded{wsid='24'} from event time: 1657605121602
[2022-07-12 13:52:01,607] [INFO] [akka.actor.ActorCell] [Fog-akka.actor.default-dispatcher-11] [akka://Fog/user/weather-station-3] - Successfully registered data: DataRecorded{wsid='3'} from event time: 1657605121602
[2022-07-12 13:52:01,609] [INFO] [akka.actor.ActorCell] [Fog-akka.actor.default-dispatcher-11] [akka://Fog/user/weather-station-36] - Successfully registered data: DataRecorded{wsid='36'} from event time: 1657605121602
[2022-07-12 13:52:01,637] [INFO] [akka.actor.ActorCell] [Fog-akka.actor.default-dispatcher-3] [akka://Fog/user/weather-station-11] - Successfully registered data: DataRecorded{wsid='11'} from event time: 1657605121633
[2022-07-12 13:52:01,637] [INFO] [akka.actor.ActorCell] [Fog-akka.actor.default-dispatcher-19] [akka://Fog/user/weather-station-28] - Successfully registered data: DataRecorded{wsid='28'} from event time: 1657605121633
[2022-07-12 13:52:01,638] [INFO] [akka.actor.ActorCell] [Fog-akka.actor.default-dispatcher-11] [akka://Fog/user/weather-station-18] - Successfully registered data: DataRecorded{wsid='18'} from event time: 1657605121633
[2022-07-12 13:52:01,640] [INFO] [akka.actor.ActorCell] [Fog-akka.actor.default-dispatcher-11] [akka://Fog/user/weather-station-38] - Successfully registered data: DataRecorded{wsid='38'} from event time: 1657605121633
[2022-07-12 13:52:01,640] [INFO] [akka.actor.ActorCell] [Fog-akka.actor.default-dispatcher-19] [akka://Fog/user/weather-station-48] - Successfully registered data: DataRecorded{wsid='48'} from event time: 1657605121633
[2022-07-12 13:52:01,668] [INFO] [akka.actor.ActorCell] [Fog-akka.actor.default-dispatcher-9] [akka://Fog/user/weather-station-40] - Successfully registered data: DataRecorded{wsid='40'} from event time: 1657605121663
[2022-07-12 13:52:01,668] [INFO] [akka.actor.ActorCell] [Fog-akka.actor.default-dispatcher-11] [akka://Fog/user/weather-station-50] - Successfully registered data: DataRecorded{wsid='50'} from event time: 1657605121663
[2022-07-12 13:52:01,668] [INFO] [akka.actor.ActorCell] [Fog-akka.actor.default-dispatcher-5] [akka://Fog/user/weather-station-33] - Successfully registered data: DataRecorded{wsid='33'} from event time: 1657605121663
[2022-07-12 13:52:01,670] [INFO] [akka.actor.ActorCell] [Fog-akka.actor.default-dispatcher-5] [akka://Fog/user/weather-station-30] - Successfully registered data: DataRecorded{wsid='30'} from event time: 1657605121663
[2022-07-12 13:52:01,682] [INFO] [akka.actor.ActorCell] [Fog-akka.actor.default-dispatcher-5] [akka://Fog/user/weather-station-44] - Successfully registered data: DataRecorded{wsid='44'} from event time: 1657605121678
[2022-07-12 13:52:01,684] [INFO] [akka.actor.ActorCell] [Fog-akka.actor.default-dispatcher-5] [akka://Fog/user/weather-station-42] - Successfully registered data: DataRecorded{wsid='42'} from event time: 1657605121678
[2022-07-12 13:52:01,698] [INFO] [akka.actor.ActorCell] [Fog-akka.actor.default-dispatcher-5] [akka://Fog/user/weather-station-17] - Successfully registered data: DataRecorded{wsid='17'} from event time: 1657605121694
[2022-07-12 13:52:01,698] [INFO] [akka.actor.ActorCell] [Fog-akka.actor.default-dispatcher-19] [akka://Fog/user/weather-station-46] - Successfully registered data: DataRecorded{wsid='46'} from event time: 1657605121694
[2022-07-12 13:52:01,698] [INFO] [akka.actor.ActorCell] [Fog-akka.actor.default-dispatcher-9] [akka://Fog/user/weather-station-13] - Successfully registered data: DataRecorded{wsid='13'} from event time: 1657605121694
[2022-07-12 13:52:01,698] [INFO] [akka.actor.ActorCell] [Fog-akka.actor.default-dispatcher-3] [akka://Fog/user/weather-station-20] - Successfully registered data: DataRecorded{wsid='20'} from event time: 1657605121694
[2022-07-12 13:52:01,714] [INFO] [akka.actor.ActorCell] [Fog-akka.actor.default-dispatcher-19] [akka://Fog/user/weather-station-9] - Successfully registered data: DataRecorded{wsid='9'} from event time: 1657605121710
[2022-07-12 13:52:01,716] [INFO] [akka.actor.ActorCell] [Fog-akka.actor.default-dispatcher-19] [akka://Fog/user/weather-station-19] - Successfully registered data: DataRecorded{wsid='19'} from event time: 1657605121710
[2022-07-12 13:52:01,730] [INFO] [akka.actor.ActorCell] [Fog-akka.actor.default-dispatcher-3] [akka://Fog/user/weather-station-21] - Successfully registered data: DataRecorded{wsid='21'} from event time: 1657605121726
[2022-07-12 13:52:01,730] [INFO] [akka.actor.ActorCell] [Fog-akka.actor.default-dispatcher-5] [akka://Fog/user/weather-station-1] - Successfully registered data: DataRecorded{wsid='1'} from event time: 1657605121726
[2022-07-12 13:52:01,733] [INFO] [akka.actor.ActorCell] [Fog-akka.actor.default-dispatcher-5] [akka://Fog/user/weather-station-31] - Successfully registered data: DataRecorded{wsid='31'} from event time: 1657605121726
[2022-07-12 13:52:01,748] [INFO] [akka.actor.ActorCell] [Fog-akka.actor.default-dispatcher-5] [akka://Fog/user/weather-station-27] - Successfully registered data: DataRecorded{wsid='27'} from event time: 1657605121743
[2022-07-12 13:52:01,762] [INFO] [akka.actor.ActorCell] [Fog-akka.actor.default-dispatcher-9] [akka://Fog/user/weather-station-23] - Successfully registered data: DataRecorded{wsid='23'} from event time: 1657605121757
[2022-07-12 13:52:01,766] [INFO] [akka.actor.ActorCell] [Fog-akka.actor.default-dispatcher-9] [akka://Fog/user/weather-station-47] - Successfully registered data: DataRecorded{wsid='47'} from event time: 1657605121757
[2022-07-12 13:52:01,766] [INFO] [akka.actor.ActorCell] [Fog-akka.actor.default-dispatcher-19] [akka://Fog/user/weather-station-29] - Successfully registered data: DataRecorded{wsid='29'} from event time: 1657605121757
[2022-07-12 13:52:01,777] [INFO] [akka.actor.ActorCell] [Fog-akka.actor.default-dispatcher-9] [akka://Fog/user/weather-station-37] - Successfully registered data: DataRecorded{wsid='37'} from event time: 1657605121772
[2022-07-12 13:52:01,780] [INFO] [akka.actor.ActorCell] [Fog-akka.actor.default-dispatcher-9] [akka://Fog/user/weather-station-49] - Successfully registered data: DataRecorded{wsid='49'} from event time: 1657605121773
[2022-07-12 13:52:01,780] [INFO] [akka.actor.ActorCell] [Fog-akka.actor.default-dispatcher-3] [akka://Fog/user/weather-station-35] - Successfully registered data: DataRecorded{wsid='35'} from event time: 1657605121773
[2022-07-12 13:52:01,791] [INFO] [akka.actor.ActorCell] [Fog-akka.actor.default-dispatcher-9] [akka://Fog/user/weather-station-25] - Successfully registered data: DataRecorded{wsid='25'} from event time: 1657605121787
[2022-07-12 13:52:01,791] [INFO] [akka.actor.ActorCell] [Fog-akka.actor.default-dispatcher-19] [akka://Fog/user/weather-station-41] - Successfully registered data: DataRecorded{wsid='41'} from event time: 1657605121787
[2022-07-12 13:52:01,811] [INFO] [akka.actor.ActorCell] [Fog-akka.actor.default-dispatcher-5] [akka://Fog/user/weather-station-45] - Successfully registered data: DataRecorded{wsid='45'} from event time: 1657605121803
[2022-07-12 13:52:01,811] [INFO] [akka.actor.ActorCell] [Fog-akka.actor.default-dispatcher-19] [akka://Fog/user/weather-station-43] - Successfully registered data: DataRecorded{wsid='43'} from event time: 1657605121803
[2022-07-12 13:52:01,811] [INFO] [akka.actor.ActorCell] [Fog-akka.actor.default-dispatcher-9] [akka://Fog/user/weather-station-39] - Successfully registered data: DataRecorded{wsid='39'} from event time: 1657605121803
[2022-07-12 13:52:04,579] [INFO] [akka.actor.ActorCell] [Fog-akka.actor.default-dispatcher-3] [akka://Fog/user/weather-station-12] - Successfully registered data: DataRecorded{wsid='12'} from event time: 1657605124575
[2022-07-12 13:52:04,579] [INFO] [akka.actor.ActorCell] [Fog-akka.actor.default-dispatcher-3] [akka://Fog/user/weather-station-4] - Successfully registered data: DataRecorded{wsid='4'} from event time: 1657605124575
[2022-07-12 13:52:04,580] [INFO] [akka.actor.ActorCell] [Fog-akka.actor.default-dispatcher-10] [akka://Fog/user/weather-station-8] - Successfully registered data: DataRecorded{wsid='8'} from event time: 1657605124575
[2022-07-12 13:52:04,581] [INFO] [akka.actor.ActorCell] [Fog-akka.actor.default-dispatcher-10] [akka://Fog/user/weather-station-14] - Successfully registered data: DataRecorded{wsid='14'} from event time: 1657605124575
[2022-07-12 13:52:04,612] [INFO] [akka.actor.ActorCell] [Fog-akka.actor.default-dispatcher-6] [akka://Fog/user/weather-station-5] - Successfully registered data: DataRecorded{wsid='5'} from event time: 1657605124607
[2022-07-12 13:52:04,612] [INFO] [akka.actor.ActorCell] [Fog-akka.actor.default-dispatcher-6] [akka://Fog/user/weather-station-10] - Successfully registered data: DataRecorded{wsid='10'} from event time: 1657605124607
[2022-07-12 13:52:04,613] [INFO] [akka.actor.ActorCell] [Fog-akka.actor.default-dispatcher-6] [akka://Fog/user/weather-station-2] - Successfully registered data: DataRecorded{wsid='2'} from event time: 1657605124607
[2022-07-12 13:52:04,615] [INFO] [akka.actor.ActorCell] [Fog-akka.actor.default-dispatcher-11] [akka://Fog/user/weather-station-7] - Successfully registered data: DataRecorded{wsid='7'} from event time: 1657605124607
[2022-07-12 13:52:04,616] [INFO] [akka.actor.ActorCell] [Fog-akka.actor.default-dispatcher-6] [akka://Fog/user/weather-station-22] - Successfully registered data: DataRecorded{wsid='22'} from event time: 1657605124607
[2022-07-12 13:52:04,616] [INFO] [akka.actor.ActorCell] [Fog-akka.actor.default-dispatcher-6] [akka://Fog/user/weather-station-26] - Successfully registered data: DataRecorded{wsid='26'} from event time: 1657605124607
[2022-07-12 13:52:04,617] [INFO] [akka.actor.ActorCell] [Fog-akka.actor.default-dispatcher-6] [akka://Fog/user/weather-station-34] - Successfully registered data: DataRecorded{wsid='34'} from event time: 1657605124607
[2022-07-12 13:52:04,619] [INFO] [akka.actor.ActorCell] [Fog-akka.actor.default-dispatcher-6] [akka://Fog/user/weather-station-6] - Successfully registered data: DataRecorded{wsid='6'} from event time: 1657605124607
[2022-07-12 13:52:04,619] [INFO] [akka.actor.ActorCell] [Fog-akka.actor.default-dispatcher-6] [akka://Fog/user/weather-station-32] - Successfully registered data: DataRecorded{wsid='32'} from event time: 1657605124607
[2022-07-12 13:52:04,621] [INFO] [akka.actor.ActorCell] [Fog-akka.actor.default-dispatcher-6] [akka://Fog/user/weather-station-16] - Successfully registered data: DataRecorded{wsid='16'} from event time: 1657605124607
[2022-07-12 13:52:04,628] [INFO] [akka.actor.ActorCell] [Fog-akka.actor.default-dispatcher-6] [akka://Fog/user/weather-station-3] - Successfully registered data: DataRecorded{wsid='3'} from event time: 1657605124623
[2022-07-12 13:52:04,628] [INFO] [akka.actor.ActorCell] [Fog-akka.actor.default-dispatcher-11] [akka://Fog/user/weather-station-24] - Successfully registered data: DataRecorded{wsid='24'} from event time: 1657605124623
[2022-07-12 13:52:04,628] [INFO] [akka.actor.ActorCell] [Fog-akka.actor.default-dispatcher-19] [akka://Fog/user/weather-station-15] - Successfully registered data: DataRecorded{wsid='15'} from event time: 1657605124623
[2022-07-12 13:52:04,630] [INFO] [akka.actor.ActorCell] [Fog-akka.actor.default-dispatcher-19] [akka://Fog/user/weather-station-36] - Successfully registered data: DataRecorded{wsid='36'} from event time: 1657605124623
[2022-07-12 13:52:04,659] [INFO] [akka.actor.ActorCell] [Fog-akka.actor.default-dispatcher-6] [akka://Fog/user/weather-station-11] - Successfully registered data: DataRecorded{wsid='11'} from event time: 1657605124653
[2022-07-12 13:52:04,659] [INFO] [akka.actor.ActorCell] [Fog-akka.actor.default-dispatcher-8] [akka://Fog/user/weather-station-28] - Successfully registered data: DataRecorded{wsid='28'} from event time: 1657605124653
[2022-07-12 13:52:04,659] [INFO] [akka.actor.ActorCell] [Fog-akka.actor.default-dispatcher-9] [akka://Fog/user/weather-station-18] - Successfully registered data: DataRecorded{wsid='18'} from event time: 1657605124653
[2022-07-12 13:52:04,661] [INFO] [akka.actor.ActorCell] [Fog-akka.actor.default-dispatcher-9] [akka://Fog/user/weather-station-48] - Successfully registered data: DataRecorded{wsid='48'} from event time: 1657605124653
[2022-07-12 13:52:04,661] [INFO] [akka.actor.ActorCell] [Fog-akka.actor.default-dispatcher-6] [akka://Fog/user/weather-station-38] - Successfully registered data: DataRecorded{wsid='38'} from event time: 1657605124653
[2022-07-12 13:52:04,692] [INFO] [akka.actor.ActorCell] [Fog-akka.actor.default-dispatcher-19] [akka://Fog/user/weather-station-40] - Successfully registered data: DataRecorded{wsid='40'} from event time: 1657605124686
[2022-07-12 13:52:04,692] [INFO] [akka.actor.ActorCell] [Fog-akka.actor.default-dispatcher-9] [akka://Fog/user/weather-station-33] - Successfully registered data: DataRecorded{wsid='33'} from event time: 1657605124686
[2022-07-12 13:52:04,692] [INFO] [akka.actor.ActorCell] [Fog-akka.actor.default-dispatcher-9] [akka://Fog/user/weather-station-44] - Successfully registered data: DataRecorded{wsid='44'} from event time: 1657605124686
[2022-07-12 13:52:04,693] [INFO] [akka.actor.ActorCell] [Fog-akka.actor.default-dispatcher-11] [akka://Fog/user/weather-station-50] - Successfully registered data: DataRecorded{wsid='50'} from event time: 1657605124686
[2022-07-12 13:52:04,694] [INFO] [akka.actor.ActorCell] [Fog-akka.actor.default-dispatcher-11] [akka://Fog/user/weather-station-30] - Successfully registered data: DataRecorded{wsid='30'} from event time: 1657605124686
[2022-07-12 13:52:04,708] [INFO] [akka.actor.ActorCell] [Fog-akka.actor.default-dispatcher-9] [akka://Fog/user/weather-station-42] - Successfully registered data: DataRecorded{wsid='42'} from event time: 1657605124703
[2022-07-12 13:52:04,722] [INFO] [akka.actor.ActorCell] [Fog-akka.actor.default-dispatcher-8] [akka://Fog/user/weather-station-46] - Successfully registered data: DataRecorded{wsid='46'} from event time: 1657605124717
[2022-07-12 13:52:04,722] [INFO] [akka.actor.ActorCell] [Fog-akka.actor.default-dispatcher-10] [akka://Fog/user/weather-station-13] - Successfully registered data: DataRecorded{wsid='13'} from event time: 1657605124717
[2022-07-12 13:52:04,722] [INFO] [akka.actor.ActorCell] [Fog-akka.actor.default-dispatcher-11] [akka://Fog/user/weather-station-17] - Successfully registered data: DataRecorded{wsid='17'} from event time: 1657605124717
[2022-07-12 13:52:04,722] [INFO] [akka.actor.ActorCell] [Fog-akka.actor.default-dispatcher-19] [akka://Fog/user/weather-station-20] - Successfully registered data: DataRecorded{wsid='20'} from event time: 1657605124717
[2022-07-12 13:52:04,737] [INFO] [akka.actor.ActorCell] [Fog-akka.actor.default-dispatcher-10] [akka://Fog/user/weather-station-9] - Successfully registered data: DataRecorded{wsid='9'} from event time: 1657605124733
[2022-07-12 13:52:04,741] [INFO] [akka.actor.ActorCell] [Fog-akka.actor.default-dispatcher-10] [akka://Fog/user/weather-station-19] - Successfully registered data: DataRecorded{wsid='19'} from event time: 1657605124733
[2022-07-12 13:52:04,755] [INFO] [akka.actor.ActorCell] [Fog-akka.actor.default-dispatcher-10] [akka://Fog/user/weather-station-21] - Successfully registered data: DataRecorded{wsid='21'} from event time: 1657605124748
[2022-07-12 13:52:04,756] [INFO] [akka.actor.ActorCell] [Fog-akka.actor.default-dispatcher-8] [akka://Fog/user/weather-station-1] - Successfully registered data: DataRecorded{wsid='1'} from event time: 1657605124748
[2022-07-12 13:52:04,758] [INFO] [akka.actor.ActorCell] [Fog-akka.actor.default-dispatcher-8] [akka://Fog/user/weather-station-31] - Successfully registered data: DataRecorded{wsid='31'} from event time: 1657605124748
[2022-07-12 13:52:04,770] [INFO] [akka.actor.ActorCell] [Fog-akka.actor.default-dispatcher-8] [akka://Fog/user/weather-station-27] - Successfully registered data: DataRecorded{wsid='27'} from event time: 1657605124764
[2022-07-12 13:52:04,786] [INFO] [akka.actor.ActorCell] [Fog-akka.actor.default-dispatcher-8] [akka://Fog/user/weather-station-23] - Successfully registered data: DataRecorded{wsid='23'} from event time: 1657605124780
[2022-07-12 13:52:04,788] [INFO] [akka.actor.ActorCell] [Fog-akka.actor.default-dispatcher-9] [akka://Fog/user/weather-station-47] - Successfully registered data: DataRecorded{wsid='47'} from event time: 1657605124780
[2022-07-12 13:52:04,788] [INFO] [akka.actor.ActorCell] [Fog-akka.actor.default-dispatcher-8] [akka://Fog/user/weather-station-29] - Successfully registered data: DataRecorded{wsid='29'} from event time: 1657605124780
[2022-07-12 13:52:04,799] [INFO] [akka.actor.ActorCell] [Fog-akka.actor.default-dispatcher-11] [akka://Fog/user/weather-station-37] - Successfully registered data: DataRecorded{wsid='37'} from event time: 1657605124795
[2022-07-12 13:52:04,802] [INFO] [akka.actor.ActorCell] [Fog-akka.actor.default-dispatcher-19] [akka://Fog/user/weather-station-35] - Successfully registered data: DataRecorded{wsid='35'} from event time: 1657605124795
[2022-07-12 13:52:04,802] [INFO] [akka.actor.ActorCell] [Fog-akka.actor.default-dispatcher-11] [akka://Fog/user/weather-station-49] - Successfully registered data: DataRecorded{wsid='49'} from event time: 1657605124795
[2022-07-12 13:52:04,814] [INFO] [akka.actor.ActorCell] [Fog-akka.actor.default-dispatcher-8] [akka://Fog/user/weather-station-41] - Successfully registered data: DataRecorded{wsid='41'} from event time: 1657605124810
[2022-07-12 13:52:04,814] [INFO] [akka.actor.ActorCell] [Fog-akka.actor.default-dispatcher-19] [akka://Fog/user/weather-station-25] - Successfully registered data: DataRecorded{wsid='25'} from event time: 1657605124810
[2022-07-12 13:52:04,833] [INFO] [akka.actor.ActorCell] [Fog-akka.actor.default-dispatcher-19] [akka://Fog/user/weather-station-39] - Successfully registered data: DataRecorded{wsid='39'} from event time: 1657605124825
[2022-07-12 13:52:04,833] [INFO] [akka.actor.ActorCell] [Fog-akka.actor.default-dispatcher-19] [akka://Fog/user/weather-station-43] - Successfully registered data: DataRecorded{wsid='43'} from event time: 1657605124825
[2022-07-12 13:52:04,834] [INFO] [akka.actor.ActorCell] [Fog-akka.actor.default-dispatcher-11] [akka://Fog/user/weather-station-45] - Successfully registered data: DataRecorded{wsid='45'} from event time: 1657605124825

Process finished with exit code -1
